DEBUG main tianda.chaohen.ConsumerExample - 启动服务-------
INFO main tianda.chaohen.ConsumerExample - 启动服务-------
INFO main tianda.chaohen.proxy.MockServiceProxy - mock invoke getUser
INFO main tianda.chaohen.proxy.MockServiceProxy - mock invoke getNumber
INFO main tianda.chaohen.spi.SpiLoader - 加载所有 SPI
INFO main tianda.chaohen.spi.SpiLoader - 加载类型为 tianda.chaohen.serializer.Serializer 的 SPI
INFO main tianda.chaohen.spi.SpiLoader - 132
INFO main tianda.chaohen.spi.SpiLoader - 加载所有 SPI
INFO main tianda.chaohen.spi.SpiLoader - 加载类型为 tianda.chaohen.serializer.Serializer 的 SPI
INFO main tianda.chaohen.spi.SpiLoader - 加载所有 SPI
INFO main tianda.chaohen.spi.SpiLoader - 加载类型为 tianda.chaohen.serializer.Serializer 的 SPI
INFO main tianda.chaohen.RpcApplication - rpc init,config = RpcConfig(name=chaohen2, version=2.0, serverHost=localhost, serverPort=8083, mock=true, registryConfig=RegistryConfig(registry=etcd, address=http://localhost:2380, username=null, password=null, timeout=10000), serializer=jdk)
INFO main tianda.chaohen.spi.SpiLoader - 加载类型为 tianda.chaohen.registry.Registry 的 SPI
DEBUG main io.vertx.core.logging.LoggerFactory - Using io.vertx.core.logging.SLF4JLogDelegateFactory
DEBUG main io.netty.util.internal.logging.InternalLoggerFactory - Using SLF4J as the default logging framework
DEBUG main io.netty.util.internal.PlatformDependent0 - -Dio.netty.noUnsafe: false
DEBUG main io.netty.util.internal.PlatformDependent0 - Java version: 17
DEBUG main io.netty.util.internal.PlatformDependent0 - sun.misc.Unsafe.theUnsafe: available
DEBUG main io.netty.util.internal.PlatformDependent0 - sun.misc.Unsafe.copyMemory: available
DEBUG main io.netty.util.internal.PlatformDependent0 - sun.misc.Unsafe.storeFence: available
DEBUG main io.netty.util.internal.PlatformDependent0 - java.nio.Buffer.address: available
DEBUG main io.netty.util.internal.PlatformDependent0 - direct buffer constructor: unavailable: Reflective setAccessible(true) disabled
DEBUG main io.netty.util.internal.PlatformDependent0 - java.nio.Bits.unaligned: available, true
DEBUG main io.netty.util.internal.PlatformDependent0 - jdk.internal.misc.Unsafe.allocateUninitializedArray(int): unavailable: class io.netty.util.internal.PlatformDependent0$7 cannot access class jdk.internal.misc.Unsafe (in module java.base) because module java.base does not export jdk.internal.misc to unnamed module @1d082e88
DEBUG main io.netty.util.internal.PlatformDependent0 - java.nio.DirectByteBuffer.<init>(long, {int,long}): unavailable
DEBUG main io.netty.util.internal.PlatformDependent - sun.misc.Unsafe: available
DEBUG main io.netty.util.internal.PlatformDependent - -Dio.netty.tmpdir: C:\Users\Luo\AppData\Local\Temp (java.io.tmpdir)
DEBUG main io.netty.util.internal.PlatformDependent - -Dio.netty.bitMode: 64 (sun.arch.data.model)
DEBUG main io.netty.util.internal.PlatformDependent - Platform: Windows
DEBUG main io.netty.util.internal.PlatformDependent - -Dio.netty.maxDirectMemory: -1 bytes
DEBUG main io.netty.util.internal.PlatformDependent - -Dio.netty.uninitializedArrayAllocationThreshold: -1
DEBUG main io.netty.util.internal.CleanerJava9 - java.nio.ByteBuffer.cleaner(): available
DEBUG main io.netty.util.internal.PlatformDependent - -Dio.netty.noPreferDirect: false
DEBUG main io.netty.util.ResourceLeakDetector - -Dio.netty.leakDetection.level: simple
DEBUG main io.netty.util.ResourceLeakDetector - -Dio.netty.leakDetection.targetRecords: 4
DEBUG main io.netty.channel.MultithreadEventLoopGroup - -Dio.netty.eventLoopThreads: 16
DEBUG main io.netty.util.concurrent.GlobalEventExecutor - -Dio.netty.globalEventExecutor.quietPeriodSeconds: 1
DEBUG main io.netty.util.internal.InternalThreadLocalMap - -Dio.netty.threadLocalMap.stringBuilder.initialSize: 1024
DEBUG main io.netty.util.internal.InternalThreadLocalMap - -Dio.netty.threadLocalMap.stringBuilder.maxSize: 4096
DEBUG main io.netty.channel.nio.NioEventLoop - -Dio.netty.noKeySetOptimization: false
DEBUG main io.netty.channel.nio.NioEventLoop - -Dio.netty.selectorAutoRebuildThreshold: 512
DEBUG main io.netty.util.internal.PlatformDependent - org.jctools-core.MpscChunkedArrayQueue: available
DEBUG main io.netty.resolver.dns.DefaultDnsServerAddressStreamProvider - Default DNS servers: [/119.29.29.29:53, /114.114.114.114:53] (sun.net.dns.ResolverConfiguration)
DEBUG main io.netty.util.NetUtil - -Djava.net.preferIPv4Stack: false
DEBUG main io.netty.util.NetUtil - -Djava.net.preferIPv6Addresses: false
DEBUG main io.netty.util.NetUtilInitializations - Loopback interface: lo (Software Loopback Interface 1, 127.0.0.1)
DEBUG main io.netty.util.NetUtil - Failed to get SOMAXCONN from sysctl and file \proc\sys\net\core\somaxconn. Default: 200
DEBUG main io.netty.resolver.dns.DnsNameResolver - Default ResolvedAddressTypes: IPV4_ONLY
DEBUG main io.netty.resolver.dns.DnsNameResolver - Localhost address: localhost/127.0.0.1
DEBUG main io.netty.resolver.dns.DnsNameResolver - Windows hostname: LAPTOP-NRAS2VRO
DEBUG main io.netty.resolver.dns.DnsNameResolver - Default search domains: []
DEBUG main io.netty.resolver.dns.DnsNameResolver - Default UnixResolverOptions{ndots=1, timeout=5, attempts=16}
DEBUG main io.netty.resolver.DefaultHostsFileEntriesResolver - -Dio.netty.hostsFileRefreshInterval: 0
DEBUG main cn.hutool.log.LogFactory - Use [Slf4j] Logger As Default.
INFO main tianda.chaohen.RpcApplication - registry init, config = RegistryConfig(registry=etcd, address=http://localhost:2380, username=null, password=null, timeout=10000)
DEBUG main io.netty.buffer.PooledByteBufAllocator - -Dio.netty.allocator.numHeapArenas: 16
DEBUG main io.netty.buffer.PooledByteBufAllocator - -Dio.netty.allocator.numDirectArenas: 16
DEBUG main io.netty.buffer.PooledByteBufAllocator - -Dio.netty.allocator.pageSize: 8192
DEBUG main io.netty.buffer.PooledByteBufAllocator - -Dio.netty.allocator.maxOrder: 9
DEBUG main io.netty.buffer.PooledByteBufAllocator - -Dio.netty.allocator.chunkSize: 4194304
DEBUG main io.netty.buffer.PooledByteBufAllocator - -Dio.netty.allocator.smallCacheSize: 256
DEBUG main io.netty.buffer.PooledByteBufAllocator - -Dio.netty.allocator.normalCacheSize: 64
DEBUG main io.netty.buffer.PooledByteBufAllocator - -Dio.netty.allocator.maxCachedBufferCapacity: 32768
DEBUG main io.netty.buffer.PooledByteBufAllocator - -Dio.netty.allocator.cacheTrimInterval: 8192
DEBUG main io.netty.buffer.PooledByteBufAllocator - -Dio.netty.allocator.cacheTrimIntervalMillis: 0
DEBUG main io.netty.buffer.PooledByteBufAllocator - -Dio.netty.allocator.useCacheForAllThreads: false
DEBUG main io.netty.buffer.PooledByteBufAllocator - -Dio.netty.allocator.maxCachedByteBuffersPerChunk: 1023
DEBUG main io.netty.channel.DefaultChannelId - -Dio.netty.processId: 8332 (auto-detected)
DEBUG main io.netty.channel.DefaultChannelId - -Dio.netty.machineId: 80:b6:55:ff:fe:07:59:9a (auto-detected)
DEBUG main io.netty.buffer.ByteBufUtil - -Dio.netty.allocator.type: pooled
DEBUG main io.netty.buffer.ByteBufUtil - -Dio.netty.threadLocalDirectBufferSize: 0
DEBUG main io.netty.buffer.ByteBufUtil - -Dio.netty.maxThreadLocalCharBufferSize: 16384
DEBUG main io.netty.bootstrap.ChannelInitializerExtensions - -Dio.netty.bootstrap.extensions: null
INFO main tianda.chaohen.RpcApplication - rpc init,config = RpcConfig(name=chaohen, version=2.0, serverHost=localhost, serverPort=8081, mock=true, registryConfig=RegistryConfig(registry=etcd, address=http://localhost:2380, username=null, password=null, timeout=10000), serializer=jdk)
INFO main tianda.chaohen.spi.SpiLoader - 加载类型为 tianda.chaohen.registry.Registry 的 SPI
DEBUG main io.vertx.core.logging.LoggerFactory - Using io.vertx.core.logging.SLF4JLogDelegateFactory
DEBUG main io.netty.util.internal.logging.InternalLoggerFactory - Using SLF4J as the default logging framework
DEBUG main io.netty.util.internal.PlatformDependent0 - -Dio.netty.noUnsafe: false
DEBUG main io.netty.util.internal.PlatformDependent0 - Java version: 17
DEBUG main io.netty.util.internal.PlatformDependent0 - sun.misc.Unsafe.theUnsafe: available
DEBUG main io.netty.util.internal.PlatformDependent0 - sun.misc.Unsafe.copyMemory: available
DEBUG main io.netty.util.internal.PlatformDependent0 - sun.misc.Unsafe.storeFence: available
DEBUG main io.netty.util.internal.PlatformDependent0 - java.nio.Buffer.address: available
DEBUG main io.netty.util.internal.PlatformDependent0 - direct buffer constructor: unavailable: Reflective setAccessible(true) disabled
DEBUG main io.netty.util.internal.PlatformDependent0 - java.nio.Bits.unaligned: available, true
DEBUG main io.netty.util.internal.PlatformDependent0 - jdk.internal.misc.Unsafe.allocateUninitializedArray(int): unavailable: class io.netty.util.internal.PlatformDependent0$7 cannot access class jdk.internal.misc.Unsafe (in module java.base) because module java.base does not export jdk.internal.misc to unnamed module @7591083d
DEBUG main io.netty.util.internal.PlatformDependent0 - java.nio.DirectByteBuffer.<init>(long, {int,long}): unavailable
DEBUG main io.netty.util.internal.PlatformDependent - sun.misc.Unsafe: available
DEBUG main io.netty.util.internal.PlatformDependent - -Dio.netty.tmpdir: C:\Users\Luo\AppData\Local\Temp (java.io.tmpdir)
DEBUG main io.netty.util.internal.PlatformDependent - -Dio.netty.bitMode: 64 (sun.arch.data.model)
DEBUG main io.netty.util.internal.PlatformDependent - Platform: Windows
DEBUG main io.netty.util.internal.PlatformDependent - -Dio.netty.maxDirectMemory: -1 bytes
DEBUG main io.netty.util.internal.PlatformDependent - -Dio.netty.uninitializedArrayAllocationThreshold: -1
DEBUG main io.netty.util.internal.CleanerJava9 - java.nio.ByteBuffer.cleaner(): available
DEBUG main io.netty.util.internal.PlatformDependent - -Dio.netty.noPreferDirect: false
DEBUG main io.netty.util.ResourceLeakDetector - -Dio.netty.leakDetection.level: simple
DEBUG main io.netty.util.ResourceLeakDetector - -Dio.netty.leakDetection.targetRecords: 4
DEBUG main io.netty.channel.MultithreadEventLoopGroup - -Dio.netty.eventLoopThreads: 16
DEBUG main io.netty.util.concurrent.GlobalEventExecutor - -Dio.netty.globalEventExecutor.quietPeriodSeconds: 1
DEBUG main io.netty.util.internal.InternalThreadLocalMap - -Dio.netty.threadLocalMap.stringBuilder.initialSize: 1024
DEBUG main io.netty.util.internal.InternalThreadLocalMap - -Dio.netty.threadLocalMap.stringBuilder.maxSize: 4096
DEBUG main io.netty.channel.nio.NioEventLoop - -Dio.netty.noKeySetOptimization: false
DEBUG main io.netty.channel.nio.NioEventLoop - -Dio.netty.selectorAutoRebuildThreshold: 512
DEBUG main io.netty.util.internal.PlatformDependent - org.jctools-core.MpscChunkedArrayQueue: available
DEBUG main io.netty.resolver.dns.DefaultDnsServerAddressStreamProvider - Default DNS servers: [/119.29.29.29:53, /114.114.114.114:53] (sun.net.dns.ResolverConfiguration)
DEBUG main io.netty.util.NetUtil - -Djava.net.preferIPv4Stack: false
DEBUG main io.netty.util.NetUtil - -Djava.net.preferIPv6Addresses: false
DEBUG main io.netty.util.NetUtilInitializations - Loopback interface: lo (Software Loopback Interface 1, 127.0.0.1)
DEBUG main io.netty.util.NetUtil - Failed to get SOMAXCONN from sysctl and file \proc\sys\net\core\somaxconn. Default: 200
DEBUG main io.netty.resolver.dns.DnsNameResolver - Default ResolvedAddressTypes: IPV4_ONLY
DEBUG main io.netty.resolver.dns.DnsNameResolver - Localhost address: localhost/127.0.0.1
DEBUG main io.netty.resolver.dns.DnsNameResolver - Windows hostname: LAPTOP-NRAS2VRO
DEBUG main io.netty.resolver.dns.DnsNameResolver - Default search domains: []
DEBUG main io.netty.resolver.dns.DnsNameResolver - Default UnixResolverOptions{ndots=1, timeout=5, attempts=16}
DEBUG main io.netty.resolver.DefaultHostsFileEntriesResolver - -Dio.netty.hostsFileRefreshInterval: 0
DEBUG main cn.hutool.log.LogFactory - Use [Slf4j] Logger As Default.
INFO main tianda.chaohen.RpcApplication - registry init, config = RegistryConfig(registry=etcd, address=http://localhost:2380, username=null, password=null, timeout=10000)
INFO main tianda.chaohen.spi.SpiLoader - 加载类型为 tianda.chaohen.serializer.Serializer 的 SPI
DEBUG grpc-default-executor-0 io.netty.buffer.AbstractByteBuf - -Dio.netty.buffer.checkAccessible: true
DEBUG grpc-default-executor-0 io.netty.buffer.AbstractByteBuf - -Dio.netty.buffer.checkBounds: true
DEBUG grpc-default-executor-0 io.netty.util.ResourceLeakDetectorFactory - Loaded default ResourceLeakDetector: io.netty.util.ResourceLeakDetector@2154f489
DEBUG grpc-default-executor-0 io.netty.buffer.PooledByteBufAllocator - -Dio.netty.allocator.numHeapArenas: 16
DEBUG grpc-default-executor-0 io.netty.buffer.PooledByteBufAllocator - -Dio.netty.allocator.numDirectArenas: 16
DEBUG grpc-default-executor-0 io.netty.buffer.PooledByteBufAllocator - -Dio.netty.allocator.pageSize: 8192
DEBUG grpc-default-executor-0 io.netty.buffer.PooledByteBufAllocator - -Dio.netty.allocator.maxOrder: 9
DEBUG grpc-default-executor-0 io.netty.buffer.PooledByteBufAllocator - -Dio.netty.allocator.chunkSize: 4194304
DEBUG grpc-default-executor-0 io.netty.buffer.PooledByteBufAllocator - -Dio.netty.allocator.smallCacheSize: 256
DEBUG grpc-default-executor-0 io.netty.buffer.PooledByteBufAllocator - -Dio.netty.allocator.normalCacheSize: 64
DEBUG grpc-default-executor-0 io.netty.buffer.PooledByteBufAllocator - -Dio.netty.allocator.maxCachedBufferCapacity: 32768
DEBUG grpc-default-executor-0 io.netty.buffer.PooledByteBufAllocator - -Dio.netty.allocator.cacheTrimInterval: 8192
DEBUG grpc-default-executor-0 io.netty.buffer.PooledByteBufAllocator - -Dio.netty.allocator.cacheTrimIntervalMillis: 0
DEBUG grpc-default-executor-0 io.netty.buffer.PooledByteBufAllocator - -Dio.netty.allocator.useCacheForAllThreads: false
DEBUG grpc-default-executor-0 io.netty.buffer.PooledByteBufAllocator - -Dio.netty.allocator.maxCachedByteBuffersPerChunk: 1023
DEBUG grpc-default-executor-0 io.netty.channel.DefaultChannelId - -Dio.netty.processId: 24388 (auto-detected)
DEBUG grpc-default-executor-0 io.netty.channel.DefaultChannelId - -Dio.netty.machineId: 80:b6:55:ff:fe:07:59:9a (auto-detected)
DEBUG grpc-default-executor-0 io.netty.buffer.ByteBufUtil - -Dio.netty.allocator.type: pooled
DEBUG grpc-default-executor-0 io.netty.buffer.ByteBufUtil - -Dio.netty.threadLocalDirectBufferSize: 0
DEBUG grpc-default-executor-0 io.netty.buffer.ByteBufUtil - -Dio.netty.maxThreadLocalCharBufferSize: 16384
DEBUG grpc-default-executor-0 io.netty.bootstrap.ChannelInitializerExtensions - -Dio.netty.bootstrap.extensions: null
DEBUG grpc-default-executor-0 io.netty.util.Recycler - -Dio.netty.recycler.maxCapacityPerThread: 4096
DEBUG grpc-default-executor-0 io.netty.util.Recycler - -Dio.netty.recycler.ratio: 8
DEBUG grpc-default-executor-0 io.netty.util.Recycler - -Dio.netty.recycler.chunkSize: 32
DEBUG grpc-default-executor-0 io.netty.util.Recycler - -Dio.netty.recycler.blocking: false
DEBUG grpc-default-executor-0 io.netty.util.Recycler - -Dio.netty.recycler.batchFastThreadLocalOnly: true
INFO main tianda.chaohen.RpcApplication - rpc init,config = RpcConfig(name=chaohen, version=2.0, serverHost=localhost, serverPort=8081, mock=true, registryConfig=RegistryConfig(registry=etcd, address=http://localhost:2380, username=null, password=null, timeout=10000), serializer=jdk)
INFO main tianda.chaohen.spi.SpiLoader - 加载类型为 tianda.chaohen.registry.Registry 的 SPI
DEBUG main io.vertx.core.logging.LoggerFactory - Using io.vertx.core.logging.SLF4JLogDelegateFactory
DEBUG main io.netty.util.internal.logging.InternalLoggerFactory - Using SLF4J as the default logging framework
DEBUG main io.netty.util.internal.PlatformDependent0 - -Dio.netty.noUnsafe: false
DEBUG main io.netty.util.internal.PlatformDependent0 - Java version: 17
DEBUG main io.netty.util.internal.PlatformDependent0 - sun.misc.Unsafe.theUnsafe: available
DEBUG main io.netty.util.internal.PlatformDependent0 - sun.misc.Unsafe.copyMemory: available
DEBUG main io.netty.util.internal.PlatformDependent0 - sun.misc.Unsafe.storeFence: available
DEBUG main io.netty.util.internal.PlatformDependent0 - java.nio.Buffer.address: available
DEBUG main io.netty.util.internal.PlatformDependent0 - direct buffer constructor: unavailable: Reflective setAccessible(true) disabled
DEBUG main io.netty.util.internal.PlatformDependent0 - java.nio.Bits.unaligned: available, true
DEBUG main io.netty.util.internal.PlatformDependent0 - jdk.internal.misc.Unsafe.allocateUninitializedArray(int): unavailable: class io.netty.util.internal.PlatformDependent0$7 cannot access class jdk.internal.misc.Unsafe (in module java.base) because module java.base does not export jdk.internal.misc to unnamed module @7591083d
DEBUG main io.netty.util.internal.PlatformDependent0 - java.nio.DirectByteBuffer.<init>(long, {int,long}): unavailable
DEBUG main io.netty.util.internal.PlatformDependent - sun.misc.Unsafe: available
DEBUG main io.netty.util.internal.PlatformDependent - -Dio.netty.tmpdir: C:\Users\Luo\AppData\Local\Temp (java.io.tmpdir)
DEBUG main io.netty.util.internal.PlatformDependent - -Dio.netty.bitMode: 64 (sun.arch.data.model)
DEBUG main io.netty.util.internal.PlatformDependent - Platform: Windows
DEBUG main io.netty.util.internal.PlatformDependent - -Dio.netty.maxDirectMemory: -1 bytes
DEBUG main io.netty.util.internal.PlatformDependent - -Dio.netty.uninitializedArrayAllocationThreshold: -1
DEBUG main io.netty.util.internal.CleanerJava9 - java.nio.ByteBuffer.cleaner(): available
DEBUG main io.netty.util.internal.PlatformDependent - -Dio.netty.noPreferDirect: false
DEBUG main io.netty.util.ResourceLeakDetector - -Dio.netty.leakDetection.level: simple
DEBUG main io.netty.util.ResourceLeakDetector - -Dio.netty.leakDetection.targetRecords: 4
DEBUG main io.netty.channel.MultithreadEventLoopGroup - -Dio.netty.eventLoopThreads: 16
DEBUG main io.netty.util.concurrent.GlobalEventExecutor - -Dio.netty.globalEventExecutor.quietPeriodSeconds: 1
DEBUG main io.netty.util.internal.InternalThreadLocalMap - -Dio.netty.threadLocalMap.stringBuilder.initialSize: 1024
DEBUG main io.netty.util.internal.InternalThreadLocalMap - -Dio.netty.threadLocalMap.stringBuilder.maxSize: 4096
DEBUG main io.netty.channel.nio.NioEventLoop - -Dio.netty.noKeySetOptimization: false
DEBUG main io.netty.channel.nio.NioEventLoop - -Dio.netty.selectorAutoRebuildThreshold: 512
DEBUG main io.netty.util.internal.PlatformDependent - org.jctools-core.MpscChunkedArrayQueue: available
DEBUG main io.netty.resolver.dns.DefaultDnsServerAddressStreamProvider - Default DNS servers: [/119.29.29.29:53, /114.114.114.114:53] (sun.net.dns.ResolverConfiguration)
DEBUG main io.netty.util.NetUtil - -Djava.net.preferIPv4Stack: false
DEBUG main io.netty.util.NetUtil - -Djava.net.preferIPv6Addresses: false
DEBUG main io.netty.util.NetUtilInitializations - Loopback interface: lo (Software Loopback Interface 1, 127.0.0.1)
DEBUG main io.netty.util.NetUtil - Failed to get SOMAXCONN from sysctl and file \proc\sys\net\core\somaxconn. Default: 200
DEBUG main io.netty.resolver.dns.DnsNameResolver - Default ResolvedAddressTypes: IPV4_ONLY
DEBUG main io.netty.resolver.dns.DnsNameResolver - Localhost address: localhost/127.0.0.1
DEBUG main io.netty.resolver.dns.DnsNameResolver - Windows hostname: LAPTOP-NRAS2VRO
DEBUG main io.netty.resolver.dns.DnsNameResolver - Default search domains: []
DEBUG main io.netty.resolver.dns.DnsNameResolver - Default UnixResolverOptions{ndots=1, timeout=5, attempts=16}
DEBUG main io.netty.resolver.DefaultHostsFileEntriesResolver - -Dio.netty.hostsFileRefreshInterval: 0
DEBUG main cn.hutool.log.LogFactory - Use [Slf4j] Logger As Default.
INFO main tianda.chaohen.RpcApplication - registry init, config = RegistryConfig(registry=etcd, address=http://localhost:2380, username=null, password=null, timeout=10000)
INFO main tianda.chaohen.spi.SpiLoader - 加载类型为 tianda.chaohen.serializer.Serializer 的 SPI
DEBUG grpc-default-executor-0 io.netty.buffer.AbstractByteBuf - -Dio.netty.buffer.checkAccessible: true
DEBUG grpc-default-executor-0 io.netty.buffer.AbstractByteBuf - -Dio.netty.buffer.checkBounds: true
DEBUG grpc-default-executor-0 io.netty.util.ResourceLeakDetectorFactory - Loaded default ResourceLeakDetector: io.netty.util.ResourceLeakDetector@684815f4
DEBUG grpc-default-executor-0 io.netty.buffer.PooledByteBufAllocator - -Dio.netty.allocator.numHeapArenas: 16
DEBUG grpc-default-executor-0 io.netty.buffer.PooledByteBufAllocator - -Dio.netty.allocator.numDirectArenas: 16
DEBUG grpc-default-executor-0 io.netty.buffer.PooledByteBufAllocator - -Dio.netty.allocator.pageSize: 8192
DEBUG grpc-default-executor-0 io.netty.buffer.PooledByteBufAllocator - -Dio.netty.allocator.maxOrder: 9
DEBUG grpc-default-executor-0 io.netty.buffer.PooledByteBufAllocator - -Dio.netty.allocator.chunkSize: 4194304
DEBUG grpc-default-executor-0 io.netty.buffer.PooledByteBufAllocator - -Dio.netty.allocator.smallCacheSize: 256
DEBUG grpc-default-executor-0 io.netty.buffer.PooledByteBufAllocator - -Dio.netty.allocator.normalCacheSize: 64
DEBUG grpc-default-executor-0 io.netty.buffer.PooledByteBufAllocator - -Dio.netty.allocator.maxCachedBufferCapacity: 32768
DEBUG grpc-default-executor-0 io.netty.buffer.PooledByteBufAllocator - -Dio.netty.allocator.cacheTrimInterval: 8192
DEBUG grpc-default-executor-0 io.netty.buffer.PooledByteBufAllocator - -Dio.netty.allocator.cacheTrimIntervalMillis: 0
DEBUG grpc-default-executor-0 io.netty.buffer.PooledByteBufAllocator - -Dio.netty.allocator.useCacheForAllThreads: false
DEBUG grpc-default-executor-0 io.netty.buffer.PooledByteBufAllocator - -Dio.netty.allocator.maxCachedByteBuffersPerChunk: 1023
DEBUG grpc-default-executor-0 io.netty.channel.DefaultChannelId - -Dio.netty.processId: 3740 (auto-detected)
DEBUG grpc-default-executor-0 io.netty.channel.DefaultChannelId - -Dio.netty.machineId: 80:b6:55:ff:fe:07:59:9a (auto-detected)
DEBUG grpc-default-executor-0 io.netty.buffer.ByteBufUtil - -Dio.netty.allocator.type: pooled
DEBUG grpc-default-executor-0 io.netty.buffer.ByteBufUtil - -Dio.netty.threadLocalDirectBufferSize: 0
DEBUG grpc-default-executor-0 io.netty.buffer.ByteBufUtil - -Dio.netty.maxThreadLocalCharBufferSize: 16384
DEBUG grpc-default-executor-0 io.netty.bootstrap.ChannelInitializerExtensions - -Dio.netty.bootstrap.extensions: null
DEBUG grpc-default-executor-0 io.netty.util.Recycler - -Dio.netty.recycler.maxCapacityPerThread: 4096
DEBUG grpc-default-executor-0 io.netty.util.Recycler - -Dio.netty.recycler.ratio: 8
DEBUG grpc-default-executor-0 io.netty.util.Recycler - -Dio.netty.recycler.chunkSize: 32
DEBUG grpc-default-executor-0 io.netty.util.Recycler - -Dio.netty.recycler.blocking: false
DEBUG grpc-default-executor-0 io.netty.util.Recycler - -Dio.netty.recycler.batchFastThreadLocalOnly: true
DEBUG vert.x-eventloop-thread-0 io.grpc.netty.NettyClientHandler - [id: 0x62738872, L:/127.0.0.1:58328 - R:localhost/127.0.0.1:2380] OUTBOUND SETTINGS: ack=false settings={ENABLE_PUSH=0, MAX_CONCURRENT_STREAMS=0, INITIAL_WINDOW_SIZE=1048576, MAX_HEADER_LIST_SIZE=8192}
DEBUG vert.x-eventloop-thread-0 io.grpc.netty.NettyClientHandler - [id: 0x62738872, L:/127.0.0.1:58328 - R:localhost/127.0.0.1:2380] OUTBOUND WINDOW_UPDATE: streamId=0 windowSizeIncrement=983041
DEBUG vert.x-eventloop-thread-0 io.grpc.netty.NettyClientHandler - [id: 0x62738872, L:/127.0.0.1:58328 - R:localhost/127.0.0.1:2380] INBOUND SETTINGS: ack=false settings={MAX_FRAME_SIZE=16384}
DEBUG vert.x-eventloop-thread-0 io.grpc.netty.NettyClientHandler - [id: 0x62738872, L:/127.0.0.1:58328 - R:localhost/127.0.0.1:2380] OUTBOUND SETTINGS: ack=true
DEBUG vert.x-eventloop-thread-0 io.grpc.netty.NettyClientHandler - [id: 0x62738872, L:/127.0.0.1:58328 - R:localhost/127.0.0.1:2380] INBOUND SETTINGS: ack=true
DEBUG vert.x-eventloop-thread-0 io.grpc.netty.NettyClientHandler - [id: 0x62738872, L:/127.0.0.1:58328 - R:localhost/127.0.0.1:2380] OUTBOUND HEADERS: streamId=3 headers=GrpcHttp2OutboundHeaders[:authority: localhost:2380, :path: /etcdserverpb.KV/Range, :method: POST, :scheme: http, content-type: application/grpc, te: trailers, user-agent: grpc-java-netty/1.60.0, grpc-accept-encoding: gzip] streamDependency=0 weight=16 exclusive=false padding=0 endStream=false
DEBUG vert.x-eventloop-thread-0 io.grpc.netty.NettyClientHandler - [id: 0x62738872, L:/127.0.0.1:58328 - R:localhost/127.0.0.1:2380] OUTBOUND DATA: streamId=3 padding=0 endStream=true length=97 bytes=000000005c0a2c2f7270632f7469616e64612e6368616f68656e2e736572766963652e55736572536572766963653a312e302f122c2f7270632f7469616e6461...
DEBUG vert.x-eventloop-thread-0 io.grpc.netty.NettyClientHandler - [id: 0x62738872, L:/127.0.0.1:58328 - R:localhost/127.0.0.1:2380] INBOUND WINDOW_UPDATE: streamId=0 windowSizeIncrement=97
DEBUG vert.x-eventloop-thread-0 io.grpc.netty.NettyClientHandler - [id: 0x62738872, L:/127.0.0.1:58328 - R:localhost/127.0.0.1:2380] INBOUND PING: ack=false bytes=145258749040133895
DEBUG vert.x-eventloop-thread-0 io.grpc.netty.NettyClientHandler - [id: 0x62738872, L:/127.0.0.1:58328 - R:localhost/127.0.0.1:2380] OUTBOUND PING: ack=true bytes=145258749040133895
DEBUG vert.x-eventloop-thread-0 io.grpc.netty.NettyClientHandler - [id: 0x62738872, L:/127.0.0.1:58328 - R:localhost/127.0.0.1:2380] INBOUND HEADERS: streamId=3 headers=GrpcHttp2ResponseHeaders[:status: 200, content-type: application/grpc] padding=0 endStream=false
DEBUG vert.x-eventloop-thread-0 io.grpc.netty.NettyClientHandler - [id: 0x62738872, L:/127.0.0.1:58328 - R:localhost/127.0.0.1:2380] INBOUND DATA: streamId=3 padding=0 endStream=false length=33 bytes=000000001c0a1a08b298eaf1948386fccd0110cdd2918bd2b881cf8e01181d200a
DEBUG vert.x-eventloop-thread-0 io.grpc.netty.NettyClientHandler - [id: 0x62738872, L:/127.0.0.1:58328 - R:localhost/127.0.0.1:2380] OUTBOUND PING: ack=false bytes=1234
DEBUG vert.x-eventloop-thread-0 io.grpc.netty.NettyClientHandler - [id: 0x62738872, L:/127.0.0.1:58328 - R:localhost/127.0.0.1:2380] INBOUND HEADERS: streamId=3 headers=GrpcHttp2ResponseHeaders[grpc-status: 0, grpc-message: ] padding=0 endStream=true
DEBUG vert.x-eventloop-thread-0 io.grpc.netty.NettyClientHandler - [id: 0x62738872, L:/127.0.0.1:58328 - R:localhost/127.0.0.1:2380] INBOUND PING: ack=true bytes=1234
DEBUG main io.vertx.core.logging.LoggerFactory - Using io.vertx.core.logging.SLF4JLogDelegateFactory
DEBUG main io.netty.util.internal.logging.InternalLoggerFactory - Using SLF4J as the default logging framework
DEBUG main io.netty.util.internal.PlatformDependent0 - -Dio.netty.noUnsafe: false
DEBUG main io.netty.util.internal.PlatformDependent0 - Java version: 17
DEBUG main io.netty.util.internal.PlatformDependent0 - sun.misc.Unsafe.theUnsafe: available
DEBUG main io.netty.util.internal.PlatformDependent0 - sun.misc.Unsafe.copyMemory: available
DEBUG main io.netty.util.internal.PlatformDependent0 - sun.misc.Unsafe.storeFence: available
DEBUG main io.netty.util.internal.PlatformDependent0 - java.nio.Buffer.address: available
DEBUG main io.netty.util.internal.PlatformDependent0 - direct buffer constructor: unavailable: Reflective setAccessible(true) disabled
DEBUG main io.netty.util.internal.PlatformDependent0 - java.nio.Bits.unaligned: available, true
DEBUG main io.netty.util.internal.PlatformDependent0 - jdk.internal.misc.Unsafe.allocateUninitializedArray(int): unavailable: class io.netty.util.internal.PlatformDependent0$7 cannot access class jdk.internal.misc.Unsafe (in module java.base) because module java.base does not export jdk.internal.misc to unnamed module @57855c9a
DEBUG main io.netty.util.internal.PlatformDependent0 - java.nio.DirectByteBuffer.<init>(long, {int,long}): unavailable
DEBUG main io.netty.util.internal.PlatformDependent - sun.misc.Unsafe: available
DEBUG main io.netty.util.internal.PlatformDependent - -Dio.netty.tmpdir: C:\Users\Luo\AppData\Local\Temp (java.io.tmpdir)
DEBUG main io.netty.util.internal.PlatformDependent - -Dio.netty.bitMode: 64 (sun.arch.data.model)
DEBUG main io.netty.util.internal.PlatformDependent - Platform: Windows
DEBUG main io.netty.util.internal.PlatformDependent - -Dio.netty.maxDirectMemory: -1 bytes
DEBUG main io.netty.util.internal.PlatformDependent - -Dio.netty.uninitializedArrayAllocationThreshold: -1
DEBUG main io.netty.util.internal.CleanerJava9 - java.nio.ByteBuffer.cleaner(): available
DEBUG main io.netty.util.internal.PlatformDependent - -Dio.netty.noPreferDirect: false
DEBUG main io.netty.util.ResourceLeakDetector - -Dio.netty.leakDetection.level: simple
DEBUG main io.netty.util.ResourceLeakDetector - -Dio.netty.leakDetection.targetRecords: 4
DEBUG main io.netty.channel.MultithreadEventLoopGroup - -Dio.netty.eventLoopThreads: 16
DEBUG main io.netty.util.concurrent.GlobalEventExecutor - -Dio.netty.globalEventExecutor.quietPeriodSeconds: 1
DEBUG main io.netty.util.internal.InternalThreadLocalMap - -Dio.netty.threadLocalMap.stringBuilder.initialSize: 1024
DEBUG main io.netty.util.internal.InternalThreadLocalMap - -Dio.netty.threadLocalMap.stringBuilder.maxSize: 4096
DEBUG main io.netty.channel.nio.NioEventLoop - -Dio.netty.noKeySetOptimization: false
DEBUG main io.netty.channel.nio.NioEventLoop - -Dio.netty.selectorAutoRebuildThreshold: 512
DEBUG main io.netty.util.internal.PlatformDependent - org.jctools-core.MpscChunkedArrayQueue: available
DEBUG main io.netty.resolver.dns.DefaultDnsServerAddressStreamProvider - Default DNS servers: [/[2001:250:400:659:0:0:0:3]:53, /119.29.29.29:53, /114.114.114.114:53] (sun.net.dns.ResolverConfiguration)
DEBUG main io.netty.util.NetUtil - -Djava.net.preferIPv4Stack: false
DEBUG main io.netty.util.NetUtil - -Djava.net.preferIPv6Addresses: false
DEBUG main io.netty.util.NetUtilInitializations - Loopback interface: lo (Software Loopback Interface 1, 127.0.0.1)
DEBUG main io.netty.util.NetUtil - Failed to get SOMAXCONN from sysctl and file \proc\sys\net\core\somaxconn. Default: 200
DEBUG main io.netty.resolver.dns.DnsNameResolver - Default ResolvedAddressTypes: IPV4_PREFERRED
DEBUG main io.netty.resolver.dns.DnsNameResolver - Localhost address: localhost/127.0.0.1
DEBUG main io.netty.resolver.dns.DnsNameResolver - Windows hostname: LAPTOP-NRAS2VRO
DEBUG main io.netty.resolver.dns.DnsNameResolver - Default search domains: []
DEBUG main io.netty.resolver.dns.DnsNameResolver - Default UnixResolverOptions{ndots=1, timeout=5, attempts=16}
DEBUG main io.netty.resolver.DefaultHostsFileEntriesResolver - -Dio.netty.hostsFileRefreshInterval: 0
DEBUG main io.netty.buffer.PooledByteBufAllocator - -Dio.netty.allocator.numHeapArenas: 16
DEBUG main io.netty.buffer.PooledByteBufAllocator - -Dio.netty.allocator.numDirectArenas: 16
DEBUG main io.netty.buffer.PooledByteBufAllocator - -Dio.netty.allocator.pageSize: 8192
DEBUG main io.netty.buffer.PooledByteBufAllocator - -Dio.netty.allocator.maxOrder: 9
DEBUG main io.netty.buffer.PooledByteBufAllocator - -Dio.netty.allocator.chunkSize: 4194304
DEBUG main io.netty.buffer.PooledByteBufAllocator - -Dio.netty.allocator.smallCacheSize: 256
DEBUG main io.netty.buffer.PooledByteBufAllocator - -Dio.netty.allocator.normalCacheSize: 64
DEBUG main io.netty.buffer.PooledByteBufAllocator - -Dio.netty.allocator.maxCachedBufferCapacity: 32768
DEBUG main io.netty.buffer.PooledByteBufAllocator - -Dio.netty.allocator.cacheTrimInterval: 8192
DEBUG main io.netty.buffer.PooledByteBufAllocator - -Dio.netty.allocator.cacheTrimIntervalMillis: 0
DEBUG main io.netty.buffer.PooledByteBufAllocator - -Dio.netty.allocator.useCacheForAllThreads: false
DEBUG main io.netty.buffer.PooledByteBufAllocator - -Dio.netty.allocator.maxCachedByteBuffersPerChunk: 1023
DEBUG main io.netty.channel.DefaultChannelId - -Dio.netty.processId: 28036 (auto-detected)
DEBUG main io.netty.channel.DefaultChannelId - -Dio.netty.machineId: 80:b6:55:ff:fe:07:59:9a (auto-detected)
DEBUG main io.netty.buffer.ByteBufUtil - -Dio.netty.allocator.type: pooled
DEBUG main io.netty.buffer.ByteBufUtil - -Dio.netty.threadLocalDirectBufferSize: 0
DEBUG main io.netty.buffer.ByteBufUtil - -Dio.netty.maxThreadLocalCharBufferSize: 16384
DEBUG main io.netty.bootstrap.ChannelInitializerExtensions - -Dio.netty.bootstrap.extensions: null
DEBUG main io.vertx.core.logging.LoggerFactory - Using io.vertx.core.logging.SLF4JLogDelegateFactory
DEBUG main io.netty.util.internal.logging.InternalLoggerFactory - Using SLF4J as the default logging framework
DEBUG main io.netty.util.internal.PlatformDependent0 - -Dio.netty.noUnsafe: false
DEBUG main io.netty.util.internal.PlatformDependent0 - Java version: 17
DEBUG main io.netty.util.internal.PlatformDependent0 - sun.misc.Unsafe.theUnsafe: available
DEBUG main io.netty.util.internal.PlatformDependent0 - sun.misc.Unsafe.copyMemory: available
DEBUG main io.netty.util.internal.PlatformDependent0 - sun.misc.Unsafe.storeFence: available
DEBUG main io.netty.util.internal.PlatformDependent0 - java.nio.Buffer.address: available
DEBUG main io.netty.util.internal.PlatformDependent0 - direct buffer constructor: unavailable: Reflective setAccessible(true) disabled
DEBUG main io.netty.util.internal.PlatformDependent0 - java.nio.Bits.unaligned: available, true
DEBUG main io.netty.util.internal.PlatformDependent0 - jdk.internal.misc.Unsafe.allocateUninitializedArray(int): unavailable: class io.netty.util.internal.PlatformDependent0$7 cannot access class jdk.internal.misc.Unsafe (in module java.base) because module java.base does not export jdk.internal.misc to unnamed module @79be0360
DEBUG main io.netty.util.internal.PlatformDependent0 - java.nio.DirectByteBuffer.<init>(long, {int,long}): unavailable
DEBUG main io.netty.util.internal.PlatformDependent - sun.misc.Unsafe: available
DEBUG main io.netty.util.internal.PlatformDependent - -Dio.netty.tmpdir: C:\Users\Luo\AppData\Local\Temp (java.io.tmpdir)
DEBUG main io.netty.util.internal.PlatformDependent - -Dio.netty.bitMode: 64 (sun.arch.data.model)
DEBUG main io.netty.util.internal.PlatformDependent - Platform: Windows
DEBUG main io.netty.util.internal.PlatformDependent - -Dio.netty.maxDirectMemory: -1 bytes
DEBUG main io.netty.util.internal.PlatformDependent - -Dio.netty.uninitializedArrayAllocationThreshold: -1
DEBUG main io.netty.util.internal.CleanerJava9 - java.nio.ByteBuffer.cleaner(): available
DEBUG main io.netty.util.internal.PlatformDependent - -Dio.netty.noPreferDirect: false
DEBUG main io.netty.util.ResourceLeakDetector - -Dio.netty.leakDetection.level: simple
DEBUG main io.netty.util.ResourceLeakDetector - -Dio.netty.leakDetection.targetRecords: 4
DEBUG main io.netty.channel.MultithreadEventLoopGroup - -Dio.netty.eventLoopThreads: 16
DEBUG main io.netty.util.concurrent.GlobalEventExecutor - -Dio.netty.globalEventExecutor.quietPeriodSeconds: 1
DEBUG main io.netty.util.internal.InternalThreadLocalMap - -Dio.netty.threadLocalMap.stringBuilder.initialSize: 1024
DEBUG main io.netty.util.internal.InternalThreadLocalMap - -Dio.netty.threadLocalMap.stringBuilder.maxSize: 4096
DEBUG main io.netty.channel.nio.NioEventLoop - -Dio.netty.noKeySetOptimization: false
DEBUG main io.netty.channel.nio.NioEventLoop - -Dio.netty.selectorAutoRebuildThreshold: 512
DEBUG main io.netty.util.internal.PlatformDependent - org.jctools-core.MpscChunkedArrayQueue: available
DEBUG main io.netty.resolver.dns.DefaultDnsServerAddressStreamProvider - Default DNS servers: [/[2001:250:400:659:0:0:0:3]:53, /119.29.29.29:53, /114.114.114.114:53] (sun.net.dns.ResolverConfiguration)
DEBUG main io.netty.util.NetUtil - -Djava.net.preferIPv4Stack: false
DEBUG main io.netty.util.NetUtil - -Djava.net.preferIPv6Addresses: false
DEBUG main io.netty.util.NetUtilInitializations - Loopback interface: lo (Software Loopback Interface 1, 127.0.0.1)
DEBUG main io.netty.util.NetUtil - Failed to get SOMAXCONN from sysctl and file \proc\sys\net\core\somaxconn. Default: 200
DEBUG main io.netty.resolver.dns.DnsNameResolver - Default ResolvedAddressTypes: IPV4_PREFERRED
DEBUG main io.netty.resolver.dns.DnsNameResolver - Localhost address: localhost/127.0.0.1
DEBUG main io.netty.resolver.dns.DnsNameResolver - Windows hostname: LAPTOP-NRAS2VRO
DEBUG main io.netty.resolver.dns.DnsNameResolver - Default search domains: []
DEBUG main io.netty.resolver.dns.DnsNameResolver - Default UnixResolverOptions{ndots=1, timeout=5, attempts=16}
DEBUG main io.netty.resolver.DefaultHostsFileEntriesResolver - -Dio.netty.hostsFileRefreshInterval: 0
DEBUG main io.netty.buffer.PooledByteBufAllocator - -Dio.netty.allocator.numHeapArenas: 16
DEBUG main io.netty.buffer.PooledByteBufAllocator - -Dio.netty.allocator.numDirectArenas: 16
DEBUG main io.netty.buffer.PooledByteBufAllocator - -Dio.netty.allocator.pageSize: 8192
DEBUG main io.netty.buffer.PooledByteBufAllocator - -Dio.netty.allocator.maxOrder: 9
DEBUG main io.netty.buffer.PooledByteBufAllocator - -Dio.netty.allocator.chunkSize: 4194304
DEBUG main io.netty.buffer.PooledByteBufAllocator - -Dio.netty.allocator.smallCacheSize: 256
DEBUG main io.netty.buffer.PooledByteBufAllocator - -Dio.netty.allocator.normalCacheSize: 64
DEBUG main io.netty.buffer.PooledByteBufAllocator - -Dio.netty.allocator.maxCachedBufferCapacity: 32768
DEBUG main io.netty.buffer.PooledByteBufAllocator - -Dio.netty.allocator.cacheTrimInterval: 8192
DEBUG main io.netty.buffer.PooledByteBufAllocator - -Dio.netty.allocator.cacheTrimIntervalMillis: 0
DEBUG main io.netty.buffer.PooledByteBufAllocator - -Dio.netty.allocator.useCacheForAllThreads: false
DEBUG main io.netty.buffer.PooledByteBufAllocator - -Dio.netty.allocator.maxCachedByteBuffersPerChunk: 1023
DEBUG main io.netty.channel.DefaultChannelId - -Dio.netty.processId: 29468 (auto-detected)
DEBUG main io.netty.channel.DefaultChannelId - -Dio.netty.machineId: 80:b6:55:ff:fe:07:59:9a (auto-detected)
DEBUG main io.netty.buffer.ByteBufUtil - -Dio.netty.allocator.type: pooled
DEBUG main io.netty.buffer.ByteBufUtil - -Dio.netty.threadLocalDirectBufferSize: 0
DEBUG main io.netty.buffer.ByteBufUtil - -Dio.netty.maxThreadLocalCharBufferSize: 16384
DEBUG main io.netty.bootstrap.ChannelInitializerExtensions - -Dio.netty.bootstrap.extensions: null
DEBUG vert.x-eventloop-thread-0 io.netty.util.Recycler - -Dio.netty.recycler.maxCapacityPerThread: 4096
DEBUG vert.x-eventloop-thread-0 io.netty.util.Recycler - -Dio.netty.recycler.ratio: 8
DEBUG vert.x-eventloop-thread-0 io.netty.util.Recycler - -Dio.netty.recycler.chunkSize: 32
DEBUG vert.x-eventloop-thread-0 io.netty.util.Recycler - -Dio.netty.recycler.blocking: false
DEBUG vert.x-eventloop-thread-0 io.netty.util.Recycler - -Dio.netty.recycler.batchFastThreadLocalOnly: true
DEBUG vert.x-eventloop-thread-0 io.netty.buffer.AbstractByteBuf - -Dio.netty.buffer.checkAccessible: true
DEBUG vert.x-eventloop-thread-0 io.netty.buffer.AbstractByteBuf - -Dio.netty.buffer.checkBounds: true
DEBUG vert.x-eventloop-thread-0 io.netty.util.ResourceLeakDetectorFactory - Loaded default ResourceLeakDetector: io.netty.util.ResourceLeakDetector@2f773958
DEBUG vert.x-eventloop-thread-0 io.netty.handler.codec.compression.ZlibCodecFactory - -Dio.netty.noJdkZlibDecoder: false
DEBUG vert.x-eventloop-thread-0 io.netty.handler.codec.compression.ZlibCodecFactory - -Dio.netty.noJdkZlibEncoder: false
INFO main tianda.chaohen.spi.SpiLoader - 加载所有 SPI
INFO main tianda.chaohen.spi.SpiLoader - 加载类型为 tianda.chaohen.serializer.Serializer 的 SPI
INFO main tianda.chaohen.spi.SpiLoader - 加载所有 SPI
INFO main tianda.chaohen.spi.SpiLoader - 加载类型为 tianda.chaohen.serializer.Serializer 的 SPI
DEBUG main io.vertx.core.logging.LoggerFactory - Using io.vertx.core.logging.SLF4JLogDelegateFactory
DEBUG main io.netty.util.internal.logging.InternalLoggerFactory - Using SLF4J as the default logging framework
DEBUG main io.netty.util.internal.PlatformDependent0 - -Dio.netty.noUnsafe: false
DEBUG main io.netty.util.internal.PlatformDependent0 - Java version: 17
DEBUG main io.netty.util.internal.PlatformDependent0 - sun.misc.Unsafe.theUnsafe: available
DEBUG main io.netty.util.internal.PlatformDependent0 - sun.misc.Unsafe.copyMemory: available
DEBUG main io.netty.util.internal.PlatformDependent0 - sun.misc.Unsafe.storeFence: available
DEBUG main io.netty.util.internal.PlatformDependent0 - java.nio.Buffer.address: available
DEBUG main io.netty.util.internal.PlatformDependent0 - direct buffer constructor: unavailable: Reflective setAccessible(true) disabled
DEBUG main io.netty.util.internal.PlatformDependent0 - java.nio.Bits.unaligned: available, true
DEBUG main io.netty.util.internal.PlatformDependent0 - jdk.internal.misc.Unsafe.allocateUninitializedArray(int): unavailable: class io.netty.util.internal.PlatformDependent0$7 cannot access class jdk.internal.misc.Unsafe (in module java.base) because module java.base does not export jdk.internal.misc to unnamed module @376b4233
DEBUG main io.netty.util.internal.PlatformDependent0 - java.nio.DirectByteBuffer.<init>(long, {int,long}): unavailable
DEBUG main io.netty.util.internal.PlatformDependent - sun.misc.Unsafe: available
DEBUG main io.netty.util.internal.PlatformDependent - -Dio.netty.tmpdir: C:\Users\Luo\AppData\Local\Temp (java.io.tmpdir)
DEBUG main io.netty.util.internal.PlatformDependent - -Dio.netty.bitMode: 64 (sun.arch.data.model)
DEBUG main io.netty.util.internal.PlatformDependent - Platform: Windows
DEBUG main io.netty.util.internal.PlatformDependent - -Dio.netty.maxDirectMemory: -1 bytes
DEBUG main io.netty.util.internal.PlatformDependent - -Dio.netty.uninitializedArrayAllocationThreshold: -1
DEBUG main io.netty.util.internal.CleanerJava9 - java.nio.ByteBuffer.cleaner(): available
DEBUG main io.netty.util.internal.PlatformDependent - -Dio.netty.noPreferDirect: false
DEBUG main io.netty.util.ResourceLeakDetector - -Dio.netty.leakDetection.level: simple
DEBUG main io.netty.util.ResourceLeakDetector - -Dio.netty.leakDetection.targetRecords: 4
DEBUG main io.netty.channel.MultithreadEventLoopGroup - -Dio.netty.eventLoopThreads: 16
DEBUG main io.netty.util.concurrent.GlobalEventExecutor - -Dio.netty.globalEventExecutor.quietPeriodSeconds: 1
DEBUG main io.netty.util.internal.InternalThreadLocalMap - -Dio.netty.threadLocalMap.stringBuilder.initialSize: 1024
DEBUG main io.netty.util.internal.InternalThreadLocalMap - -Dio.netty.threadLocalMap.stringBuilder.maxSize: 4096
DEBUG main io.netty.channel.nio.NioEventLoop - -Dio.netty.noKeySetOptimization: false
DEBUG main io.netty.channel.nio.NioEventLoop - -Dio.netty.selectorAutoRebuildThreshold: 512
DEBUG main io.netty.util.internal.PlatformDependent - org.jctools-core.MpscChunkedArrayQueue: available
DEBUG main io.netty.resolver.dns.DefaultDnsServerAddressStreamProvider - Default DNS servers: [/[2001:250:400:659:0:0:0:3]:53, /119.29.29.29:53, /114.114.114.114:53] (sun.net.dns.ResolverConfiguration)
DEBUG main io.netty.util.NetUtil - -Djava.net.preferIPv4Stack: false
DEBUG main io.netty.util.NetUtil - -Djava.net.preferIPv6Addresses: false
DEBUG main io.netty.util.NetUtilInitializations - Loopback interface: lo (Software Loopback Interface 1, 127.0.0.1)
DEBUG main io.netty.util.NetUtil - Failed to get SOMAXCONN from sysctl and file \proc\sys\net\core\somaxconn. Default: 200
DEBUG main io.netty.resolver.dns.DnsNameResolver - Default ResolvedAddressTypes: IPV4_PREFERRED
DEBUG main io.netty.resolver.dns.DnsNameResolver - Localhost address: localhost/127.0.0.1
DEBUG main io.netty.resolver.dns.DnsNameResolver - Windows hostname: LAPTOP-NRAS2VRO
DEBUG main io.netty.resolver.dns.DnsNameResolver - Default search domains: []
DEBUG main io.netty.resolver.dns.DnsNameResolver - Default UnixResolverOptions{ndots=1, timeout=5, attempts=16}
DEBUG main io.netty.resolver.DefaultHostsFileEntriesResolver - -Dio.netty.hostsFileRefreshInterval: 0
DEBUG grpc-default-executor-0 io.netty.buffer.AbstractByteBuf - -Dio.netty.buffer.checkAccessible: true
DEBUG grpc-default-executor-0 io.netty.buffer.AbstractByteBuf - -Dio.netty.buffer.checkBounds: true
DEBUG grpc-default-executor-0 io.netty.util.ResourceLeakDetectorFactory - Loaded default ResourceLeakDetector: io.netty.util.ResourceLeakDetector@3d957daf
DEBUG grpc-default-executor-0 io.netty.buffer.PooledByteBufAllocator - -Dio.netty.allocator.numHeapArenas: 16
DEBUG grpc-default-executor-0 io.netty.buffer.PooledByteBufAllocator - -Dio.netty.allocator.numDirectArenas: 16
DEBUG grpc-default-executor-0 io.netty.buffer.PooledByteBufAllocator - -Dio.netty.allocator.pageSize: 8192
DEBUG grpc-default-executor-0 io.netty.buffer.PooledByteBufAllocator - -Dio.netty.allocator.maxOrder: 9
DEBUG grpc-default-executor-0 io.netty.buffer.PooledByteBufAllocator - -Dio.netty.allocator.chunkSize: 4194304
DEBUG grpc-default-executor-0 io.netty.buffer.PooledByteBufAllocator - -Dio.netty.allocator.smallCacheSize: 256
DEBUG grpc-default-executor-0 io.netty.buffer.PooledByteBufAllocator - -Dio.netty.allocator.normalCacheSize: 64
DEBUG grpc-default-executor-0 io.netty.buffer.PooledByteBufAllocator - -Dio.netty.allocator.maxCachedBufferCapacity: 32768
DEBUG grpc-default-executor-0 io.netty.buffer.PooledByteBufAllocator - -Dio.netty.allocator.cacheTrimInterval: 8192
DEBUG grpc-default-executor-0 io.netty.buffer.PooledByteBufAllocator - -Dio.netty.allocator.cacheTrimIntervalMillis: 0
DEBUG grpc-default-executor-0 io.netty.buffer.PooledByteBufAllocator - -Dio.netty.allocator.useCacheForAllThreads: false
DEBUG grpc-default-executor-0 io.netty.buffer.PooledByteBufAllocator - -Dio.netty.allocator.maxCachedByteBuffersPerChunk: 1023
DEBUG grpc-default-executor-0 io.netty.channel.DefaultChannelId - -Dio.netty.processId: 27216 (auto-detected)
DEBUG grpc-default-executor-0 io.netty.channel.DefaultChannelId - -Dio.netty.machineId: 80:b6:55:ff:fe:07:59:9a (auto-detected)
DEBUG grpc-default-executor-0 io.netty.buffer.ByteBufUtil - -Dio.netty.allocator.type: pooled
DEBUG grpc-default-executor-0 io.netty.buffer.ByteBufUtil - -Dio.netty.threadLocalDirectBufferSize: 0
DEBUG grpc-default-executor-0 io.netty.buffer.ByteBufUtil - -Dio.netty.maxThreadLocalCharBufferSize: 16384
DEBUG grpc-default-executor-0 io.netty.bootstrap.ChannelInitializerExtensions - -Dio.netty.bootstrap.extensions: null
DEBUG grpc-default-executor-0 io.netty.util.Recycler - -Dio.netty.recycler.maxCapacityPerThread: 4096
DEBUG grpc-default-executor-0 io.netty.util.Recycler - -Dio.netty.recycler.ratio: 8
DEBUG grpc-default-executor-0 io.netty.util.Recycler - -Dio.netty.recycler.chunkSize: 32
DEBUG grpc-default-executor-0 io.netty.util.Recycler - -Dio.netty.recycler.blocking: false
DEBUG grpc-default-executor-0 io.netty.util.Recycler - -Dio.netty.recycler.batchFastThreadLocalOnly: true
DEBUG vert.x-eventloop-thread-0 io.grpc.netty.NettyClientHandler - [id: 0x6585bd57, L:/127.0.0.1:10903 - R:localhost/127.0.0.1:2379] OUTBOUND SETTINGS: ack=false settings={ENABLE_PUSH=0, MAX_CONCURRENT_STREAMS=0, INITIAL_WINDOW_SIZE=1048576, MAX_HEADER_LIST_SIZE=8192}
DEBUG vert.x-eventloop-thread-0 io.grpc.netty.NettyClientHandler - [id: 0x6585bd57, L:/127.0.0.1:10903 - R:localhost/127.0.0.1:2379] OUTBOUND WINDOW_UPDATE: streamId=0 windowSizeIncrement=983041
DEBUG vert.x-eventloop-thread-0 io.grpc.netty.NettyClientHandler - [id: 0x6585bd57, L:/127.0.0.1:10903 - R:localhost/127.0.0.1:2379] INBOUND SETTINGS: ack=false settings={MAX_FRAME_SIZE=16384}
DEBUG vert.x-eventloop-thread-0 io.grpc.netty.NettyClientHandler - [id: 0x6585bd57, L:/127.0.0.1:10903 - R:localhost/127.0.0.1:2379] OUTBOUND SETTINGS: ack=true
DEBUG vert.x-eventloop-thread-0 io.grpc.netty.NettyClientHandler - [id: 0x6585bd57, L:/127.0.0.1:10903 - R:localhost/127.0.0.1:2379] INBOUND SETTINGS: ack=true
DEBUG vert.x-eventloop-thread-0 io.grpc.netty.NettyClientHandler - [id: 0x6585bd57, L:/127.0.0.1:10903 - R:localhost/127.0.0.1:2379] OUTBOUND HEADERS: streamId=3 headers=GrpcHttp2OutboundHeaders[:authority: localhost:2379, :path: /etcdserverpb.KV/Put, :method: POST, :scheme: http, content-type: application/grpc, te: trailers, user-agent: grpc-java-netty/1.60.0, grpc-accept-encoding: gzip] streamDependency=0 weight=16 exclusive=false padding=0 endStream=false
DEBUG vert.x-eventloop-thread-0 io.grpc.netty.NettyClientHandler - [id: 0x6585bd57, L:/127.0.0.1:10903 - R:localhost/127.0.0.1:2379] OUTBOUND DATA: streamId=3 padding=0 endStream=true length=43 bytes=00000000260a10746573745f6b65795f6368616f68656e1212746573745f76616c75655f6368616f68656e
DEBUG vert.x-eventloop-thread-0 io.grpc.netty.NettyClientHandler - [id: 0x6585bd57, L:/127.0.0.1:10903 - R:localhost/127.0.0.1:2379] INBOUND WINDOW_UPDATE: streamId=0 windowSizeIncrement=43
DEBUG vert.x-eventloop-thread-0 io.grpc.netty.NettyClientHandler - [id: 0x6585bd57, L:/127.0.0.1:10903 - R:localhost/127.0.0.1:2379] INBOUND PING: ack=false bytes=145258749040133895
DEBUG vert.x-eventloop-thread-0 io.grpc.netty.NettyClientHandler - [id: 0x6585bd57, L:/127.0.0.1:10903 - R:localhost/127.0.0.1:2379] OUTBOUND PING: ack=true bytes=145258749040133895
DEBUG vert.x-eventloop-thread-0 io.grpc.netty.NettyClientHandler - [id: 0x6585bd57, L:/127.0.0.1:10903 - R:localhost/127.0.0.1:2379] INBOUND HEADERS: streamId=3 headers=GrpcHttp2ResponseHeaders[:status: 200, content-type: application/grpc] padding=0 endStream=false
DEBUG vert.x-eventloop-thread-0 io.grpc.netty.NettyClientHandler - [id: 0x6585bd57, L:/127.0.0.1:10903 - R:localhost/127.0.0.1:2379] INBOUND DATA: streamId=3 padding=0 endStream=false length=33 bytes=000000001c0a1a08b298eaf1948386fccd0110cdd2918bd2b881cf8e01181e200e
DEBUG vert.x-eventloop-thread-0 io.grpc.netty.NettyClientHandler - [id: 0x6585bd57, L:/127.0.0.1:10903 - R:localhost/127.0.0.1:2379] OUTBOUND PING: ack=false bytes=1234
DEBUG vert.x-eventloop-thread-0 io.grpc.netty.NettyClientHandler - [id: 0x6585bd57, L:/127.0.0.1:10903 - R:localhost/127.0.0.1:2379] INBOUND HEADERS: streamId=3 headers=GrpcHttp2ResponseHeaders[grpc-status: 0, grpc-message: ] padding=0 endStream=true
DEBUG vert.x-eventloop-thread-0 io.grpc.netty.NettyClientHandler - [id: 0x6585bd57, L:/127.0.0.1:10903 - R:localhost/127.0.0.1:2379] INBOUND PING: ack=true bytes=1234
DEBUG vert.x-eventloop-thread-0 io.grpc.netty.NettyClientHandler - [id: 0x6585bd57, L:/127.0.0.1:10903 - R:localhost/127.0.0.1:2379] OUTBOUND HEADERS: streamId=5 headers=GrpcHttp2OutboundHeaders[:authority: localhost:2379, :path: /etcdserverpb.KV/Range, :method: POST, :scheme: http, content-type: application/grpc, te: trailers, user-agent: grpc-java-netty/1.60.0, grpc-accept-encoding: gzip] streamDependency=0 weight=16 exclusive=false padding=0 endStream=false
DEBUG vert.x-eventloop-thread-0 io.grpc.netty.NettyClientHandler - [id: 0x6585bd57, L:/127.0.0.1:10903 - R:localhost/127.0.0.1:2379] OUTBOUND DATA: streamId=5 padding=0 endStream=true length=23 bytes=00000000120a10746573745f6b65795f6368616f68656e
DEBUG vert.x-eventloop-thread-0 io.grpc.netty.NettyClientHandler - [id: 0x6585bd57, L:/127.0.0.1:10903 - R:localhost/127.0.0.1:2379] INBOUND WINDOW_UPDATE: streamId=0 windowSizeIncrement=23
DEBUG vert.x-eventloop-thread-0 io.grpc.netty.NettyClientHandler - [id: 0x6585bd57, L:/127.0.0.1:10903 - R:localhost/127.0.0.1:2379] INBOUND PING: ack=false bytes=145258749040133895
DEBUG vert.x-eventloop-thread-0 io.grpc.netty.NettyClientHandler - [id: 0x6585bd57, L:/127.0.0.1:10903 - R:localhost/127.0.0.1:2379] OUTBOUND PING: ack=true bytes=145258749040133895
DEBUG vert.x-eventloop-thread-0 io.grpc.netty.NettyClientHandler - [id: 0x6585bd57, L:/127.0.0.1:10903 - R:localhost/127.0.0.1:2379] INBOUND HEADERS: streamId=5 headers=GrpcHttp2ResponseHeaders[:status: 200, content-type: application/grpc] padding=0 endStream=false
DEBUG vert.x-eventloop-thread-0 io.grpc.netty.NettyClientHandler - [id: 0x6585bd57, L:/127.0.0.1:10903 - R:localhost/127.0.0.1:2379] INBOUND DATA: streamId=5 padding=0 endStream=false length=81 bytes=000000004c0a1a08b298eaf1948386fccd0110cdd2918bd2b881cf8e01181e200e122c0a10746573745f6b65795f6368616f68656e101e181e20012a12746573...
DEBUG vert.x-eventloop-thread-0 io.grpc.netty.NettyClientHandler - [id: 0x6585bd57, L:/127.0.0.1:10903 - R:localhost/127.0.0.1:2379] INBOUND HEADERS: streamId=5 headers=GrpcHttp2ResponseHeaders[grpc-status: 0, grpc-message: ] padding=0 endStream=true
DEBUG vert.x-eventloop-thread-0 io.grpc.netty.NettyClientHandler - [id: 0x6585bd57, L:/127.0.0.1:10903 - R:localhost/127.0.0.1:2379] OUTBOUND HEADERS: streamId=7 headers=GrpcHttp2OutboundHeaders[:authority: localhost:2379, :path: /etcdserverpb.KV/DeleteRange, :method: POST, :scheme: http, content-type: application/grpc, te: trailers, user-agent: grpc-java-netty/1.60.0, grpc-accept-encoding: gzip] streamDependency=0 weight=16 exclusive=false padding=0 endStream=false
DEBUG vert.x-eventloop-thread-0 io.grpc.netty.NettyClientHandler - [id: 0x6585bd57, L:/127.0.0.1:10903 - R:localhost/127.0.0.1:2379] OUTBOUND DATA: streamId=7 padding=0 endStream=true length=23 bytes=00000000120a10746573745f6b65795f6368616f68656e
DEBUG vert.x-eventloop-thread-0 io.grpc.netty.NettyClientHandler - [id: 0x6585bd57, L:/127.0.0.1:10903 - R:localhost/127.0.0.1:2379] INBOUND WINDOW_UPDATE: streamId=0 windowSizeIncrement=23
DEBUG vert.x-eventloop-thread-0 io.grpc.netty.NettyClientHandler - [id: 0x6585bd57, L:/127.0.0.1:10903 - R:localhost/127.0.0.1:2379] INBOUND PING: ack=false bytes=145258749040133895
DEBUG vert.x-eventloop-thread-0 io.grpc.netty.NettyClientHandler - [id: 0x6585bd57, L:/127.0.0.1:10903 - R:localhost/127.0.0.1:2379] OUTBOUND PING: ack=true bytes=145258749040133895
DEBUG vert.x-eventloop-thread-0 io.grpc.netty.NettyClientHandler - [id: 0x6585bd57, L:/127.0.0.1:10903 - R:localhost/127.0.0.1:2379] INBOUND HEADERS: streamId=7 headers=GrpcHttp2ResponseHeaders[:status: 200, content-type: application/grpc] padding=0 endStream=false
DEBUG vert.x-eventloop-thread-0 io.grpc.netty.NettyClientHandler - [id: 0x6585bd57, L:/127.0.0.1:10903 - R:localhost/127.0.0.1:2379] INBOUND DATA: streamId=7 padding=0 endStream=false length=35 bytes=000000001e0a1a08b298eaf1948386fccd0110cdd2918bd2b881cf8e01181f200e1001
DEBUG vert.x-eventloop-thread-0 io.grpc.netty.NettyClientHandler - [id: 0x6585bd57, L:/127.0.0.1:10903 - R:localhost/127.0.0.1:2379] INBOUND HEADERS: streamId=7 headers=GrpcHttp2ResponseHeaders[grpc-status: 0, grpc-message: ] padding=0 endStream=true
DEBUG main io.vertx.core.logging.LoggerFactory - Using io.vertx.core.logging.SLF4JLogDelegateFactory
DEBUG main io.netty.util.internal.logging.InternalLoggerFactory - Using SLF4J as the default logging framework
DEBUG main io.netty.util.internal.PlatformDependent0 - -Dio.netty.noUnsafe: false
DEBUG main io.netty.util.internal.PlatformDependent0 - Java version: 17
DEBUG main io.netty.util.internal.PlatformDependent0 - sun.misc.Unsafe.theUnsafe: available
DEBUG main io.netty.util.internal.PlatformDependent0 - sun.misc.Unsafe.copyMemory: available
DEBUG main io.netty.util.internal.PlatformDependent0 - sun.misc.Unsafe.storeFence: available
DEBUG main io.netty.util.internal.PlatformDependent0 - java.nio.Buffer.address: available
DEBUG main io.netty.util.internal.PlatformDependent0 - direct buffer constructor: unavailable: Reflective setAccessible(true) disabled
DEBUG main io.netty.util.internal.PlatformDependent0 - java.nio.Bits.unaligned: available, true
DEBUG main io.netty.util.internal.PlatformDependent0 - jdk.internal.misc.Unsafe.allocateUninitializedArray(int): unavailable: class io.netty.util.internal.PlatformDependent0$7 cannot access class jdk.internal.misc.Unsafe (in module java.base) because module java.base does not export jdk.internal.misc to unnamed module @1068e947
DEBUG main io.netty.util.internal.PlatformDependent0 - java.nio.DirectByteBuffer.<init>(long, {int,long}): unavailable
DEBUG main io.netty.util.internal.PlatformDependent - sun.misc.Unsafe: available
DEBUG main io.netty.util.internal.PlatformDependent - -Dio.netty.tmpdir: C:\Users\Luo\AppData\Local\Temp (java.io.tmpdir)
DEBUG main io.netty.util.internal.PlatformDependent - -Dio.netty.bitMode: 64 (sun.arch.data.model)
DEBUG main io.netty.util.internal.PlatformDependent - Platform: Windows
DEBUG main io.netty.util.internal.PlatformDependent - -Dio.netty.maxDirectMemory: -1 bytes
DEBUG main io.netty.util.internal.PlatformDependent - -Dio.netty.uninitializedArrayAllocationThreshold: -1
DEBUG main io.netty.util.internal.CleanerJava9 - java.nio.ByteBuffer.cleaner(): available
DEBUG main io.netty.util.internal.PlatformDependent - -Dio.netty.noPreferDirect: false
DEBUG main io.netty.util.ResourceLeakDetector - -Dio.netty.leakDetection.level: simple
DEBUG main io.netty.util.ResourceLeakDetector - -Dio.netty.leakDetection.targetRecords: 4
DEBUG main io.netty.channel.MultithreadEventLoopGroup - -Dio.netty.eventLoopThreads: 16
DEBUG main io.netty.util.concurrent.GlobalEventExecutor - -Dio.netty.globalEventExecutor.quietPeriodSeconds: 1
DEBUG main io.netty.util.internal.InternalThreadLocalMap - -Dio.netty.threadLocalMap.stringBuilder.initialSize: 1024
DEBUG main io.netty.util.internal.InternalThreadLocalMap - -Dio.netty.threadLocalMap.stringBuilder.maxSize: 4096
DEBUG main io.netty.channel.nio.NioEventLoop - -Dio.netty.noKeySetOptimization: false
DEBUG main io.netty.channel.nio.NioEventLoop - -Dio.netty.selectorAutoRebuildThreshold: 512
DEBUG main io.netty.util.internal.PlatformDependent - org.jctools-core.MpscChunkedArrayQueue: available
DEBUG main io.netty.resolver.dns.DefaultDnsServerAddressStreamProvider - Default DNS servers: [/[2001:250:400:659:0:0:0:3]:53, /119.29.29.29:53, /114.114.114.114:53] (sun.net.dns.ResolverConfiguration)
DEBUG main io.netty.util.NetUtil - -Djava.net.preferIPv4Stack: false
DEBUG main io.netty.util.NetUtil - -Djava.net.preferIPv6Addresses: false
DEBUG main io.netty.util.NetUtilInitializations - Loopback interface: lo (Software Loopback Interface 1, 127.0.0.1)
DEBUG main io.netty.util.NetUtil - Failed to get SOMAXCONN from sysctl and file \proc\sys\net\core\somaxconn. Default: 200
DEBUG main io.netty.resolver.dns.DnsNameResolver - Default ResolvedAddressTypes: IPV4_PREFERRED
DEBUG main io.netty.resolver.dns.DnsNameResolver - Localhost address: localhost/127.0.0.1
DEBUG main io.netty.resolver.dns.DnsNameResolver - Windows hostname: LAPTOP-NRAS2VRO
DEBUG main io.netty.resolver.dns.DnsNameResolver - Default search domains: []
DEBUG main io.netty.resolver.dns.DnsNameResolver - Default UnixResolverOptions{ndots=1, timeout=5, attempts=16}
DEBUG main io.netty.resolver.DefaultHostsFileEntriesResolver - -Dio.netty.hostsFileRefreshInterval: 0
DEBUG grpc-default-executor-0 io.netty.buffer.AbstractByteBuf - -Dio.netty.buffer.checkAccessible: true
DEBUG grpc-default-executor-0 io.netty.buffer.AbstractByteBuf - -Dio.netty.buffer.checkBounds: true
DEBUG grpc-default-executor-0 io.netty.util.ResourceLeakDetectorFactory - Loaded default ResourceLeakDetector: io.netty.util.ResourceLeakDetector@49906deb
DEBUG grpc-default-executor-0 io.netty.buffer.PooledByteBufAllocator - -Dio.netty.allocator.numHeapArenas: 16
DEBUG grpc-default-executor-0 io.netty.buffer.PooledByteBufAllocator - -Dio.netty.allocator.numDirectArenas: 16
DEBUG grpc-default-executor-0 io.netty.buffer.PooledByteBufAllocator - -Dio.netty.allocator.pageSize: 8192
DEBUG grpc-default-executor-0 io.netty.buffer.PooledByteBufAllocator - -Dio.netty.allocator.maxOrder: 9
DEBUG grpc-default-executor-0 io.netty.buffer.PooledByteBufAllocator - -Dio.netty.allocator.chunkSize: 4194304
DEBUG grpc-default-executor-0 io.netty.buffer.PooledByteBufAllocator - -Dio.netty.allocator.smallCacheSize: 256
DEBUG grpc-default-executor-0 io.netty.buffer.PooledByteBufAllocator - -Dio.netty.allocator.normalCacheSize: 64
DEBUG grpc-default-executor-0 io.netty.buffer.PooledByteBufAllocator - -Dio.netty.allocator.maxCachedBufferCapacity: 32768
DEBUG grpc-default-executor-0 io.netty.buffer.PooledByteBufAllocator - -Dio.netty.allocator.cacheTrimInterval: 8192
DEBUG grpc-default-executor-0 io.netty.buffer.PooledByteBufAllocator - -Dio.netty.allocator.cacheTrimIntervalMillis: 0
DEBUG grpc-default-executor-0 io.netty.buffer.PooledByteBufAllocator - -Dio.netty.allocator.useCacheForAllThreads: false
DEBUG grpc-default-executor-0 io.netty.buffer.PooledByteBufAllocator - -Dio.netty.allocator.maxCachedByteBuffersPerChunk: 1023
DEBUG grpc-default-executor-0 io.netty.channel.DefaultChannelId - -Dio.netty.processId: 30052 (auto-detected)
DEBUG grpc-default-executor-0 io.netty.channel.DefaultChannelId - -Dio.netty.machineId: 80:b6:55:ff:fe:07:59:9a (auto-detected)
DEBUG grpc-default-executor-0 io.netty.buffer.ByteBufUtil - -Dio.netty.allocator.type: pooled
DEBUG grpc-default-executor-0 io.netty.buffer.ByteBufUtil - -Dio.netty.threadLocalDirectBufferSize: 0
DEBUG grpc-default-executor-0 io.netty.buffer.ByteBufUtil - -Dio.netty.maxThreadLocalCharBufferSize: 16384
DEBUG grpc-default-executor-0 io.netty.bootstrap.ChannelInitializerExtensions - -Dio.netty.bootstrap.extensions: null
DEBUG grpc-default-executor-0 io.netty.util.Recycler - -Dio.netty.recycler.maxCapacityPerThread: 4096
DEBUG grpc-default-executor-0 io.netty.util.Recycler - -Dio.netty.recycler.ratio: 8
DEBUG grpc-default-executor-0 io.netty.util.Recycler - -Dio.netty.recycler.chunkSize: 32
DEBUG grpc-default-executor-0 io.netty.util.Recycler - -Dio.netty.recycler.blocking: false
DEBUG grpc-default-executor-0 io.netty.util.Recycler - -Dio.netty.recycler.batchFastThreadLocalOnly: true
DEBUG vert.x-eventloop-thread-0 io.grpc.netty.NettyClientHandler - [id: 0x01777d6c, L:/127.0.0.1:10952 - R:localhost/127.0.0.1:2379] OUTBOUND SETTINGS: ack=false settings={ENABLE_PUSH=0, MAX_CONCURRENT_STREAMS=0, INITIAL_WINDOW_SIZE=1048576, MAX_HEADER_LIST_SIZE=8192}
DEBUG vert.x-eventloop-thread-0 io.grpc.netty.NettyClientHandler - [id: 0x01777d6c, L:/127.0.0.1:10952 - R:localhost/127.0.0.1:2379] OUTBOUND WINDOW_UPDATE: streamId=0 windowSizeIncrement=983041
DEBUG vert.x-eventloop-thread-0 io.grpc.netty.NettyClientHandler - [id: 0x01777d6c, L:/127.0.0.1:10952 - R:localhost/127.0.0.1:2379] INBOUND SETTINGS: ack=false settings={MAX_FRAME_SIZE=16384}
DEBUG vert.x-eventloop-thread-0 io.grpc.netty.NettyClientHandler - [id: 0x01777d6c, L:/127.0.0.1:10952 - R:localhost/127.0.0.1:2379] OUTBOUND SETTINGS: ack=true
DEBUG vert.x-eventloop-thread-0 io.grpc.netty.NettyClientHandler - [id: 0x01777d6c, L:/127.0.0.1:10952 - R:localhost/127.0.0.1:2379] INBOUND SETTINGS: ack=true
DEBUG vert.x-eventloop-thread-0 io.grpc.netty.NettyClientHandler - [id: 0x01777d6c, L:/127.0.0.1:10952 - R:localhost/127.0.0.1:2379] OUTBOUND HEADERS: streamId=3 headers=GrpcHttp2OutboundHeaders[:authority: localhost:2379, :path: /etcdserverpb.KV/Put, :method: POST, :scheme: http, content-type: application/grpc, te: trailers, user-agent: grpc-java-netty/1.60.0, grpc-accept-encoding: gzip] streamDependency=0 weight=16 exclusive=false padding=0 endStream=false
DEBUG vert.x-eventloop-thread-0 io.grpc.netty.NettyClientHandler - [id: 0x01777d6c, L:/127.0.0.1:10952 - R:localhost/127.0.0.1:2379] OUTBOUND DATA: streamId=3 padding=0 endStream=true length=43 bytes=00000000260a10746573745f6b65795f6368616f68656e1212746573745f76616c75655f6368616f68656e
DEBUG vert.x-eventloop-thread-0 io.grpc.netty.NettyClientHandler - [id: 0x01777d6c, L:/127.0.0.1:10952 - R:localhost/127.0.0.1:2379] INBOUND WINDOW_UPDATE: streamId=0 windowSizeIncrement=43
DEBUG vert.x-eventloop-thread-0 io.grpc.netty.NettyClientHandler - [id: 0x01777d6c, L:/127.0.0.1:10952 - R:localhost/127.0.0.1:2379] INBOUND PING: ack=false bytes=145258749040133895
DEBUG vert.x-eventloop-thread-0 io.grpc.netty.NettyClientHandler - [id: 0x01777d6c, L:/127.0.0.1:10952 - R:localhost/127.0.0.1:2379] OUTBOUND PING: ack=true bytes=145258749040133895
DEBUG vert.x-eventloop-thread-0 io.grpc.netty.NettyClientHandler - [id: 0x01777d6c, L:/127.0.0.1:10952 - R:localhost/127.0.0.1:2379] INBOUND HEADERS: streamId=3 headers=GrpcHttp2ResponseHeaders[:status: 200, content-type: application/grpc] padding=0 endStream=false
DEBUG vert.x-eventloop-thread-0 io.grpc.netty.NettyClientHandler - [id: 0x01777d6c, L:/127.0.0.1:10952 - R:localhost/127.0.0.1:2379] INBOUND DATA: streamId=3 padding=0 endStream=false length=33 bytes=000000001c0a1a08b298eaf1948386fccd0110cdd2918bd2b881cf8e011820200e
DEBUG vert.x-eventloop-thread-0 io.grpc.netty.NettyClientHandler - [id: 0x01777d6c, L:/127.0.0.1:10952 - R:localhost/127.0.0.1:2379] OUTBOUND PING: ack=false bytes=1234
DEBUG vert.x-eventloop-thread-0 io.grpc.netty.NettyClientHandler - [id: 0x01777d6c, L:/127.0.0.1:10952 - R:localhost/127.0.0.1:2379] INBOUND HEADERS: streamId=3 headers=GrpcHttp2ResponseHeaders[grpc-status: 0, grpc-message: ] padding=0 endStream=true
DEBUG vert.x-eventloop-thread-0 io.grpc.netty.NettyClientHandler - [id: 0x01777d6c, L:/127.0.0.1:10952 - R:localhost/127.0.0.1:2379] INBOUND PING: ack=true bytes=1234
DEBUG vert.x-eventloop-thread-0 io.grpc.netty.NettyClientHandler - [id: 0x01777d6c, L:/127.0.0.1:10952 - R:localhost/127.0.0.1:2379] OUTBOUND HEADERS: streamId=5 headers=GrpcHttp2OutboundHeaders[:authority: localhost:2379, :path: /etcdserverpb.KV/Range, :method: POST, :scheme: http, content-type: application/grpc, te: trailers, user-agent: grpc-java-netty/1.60.0, grpc-accept-encoding: gzip] streamDependency=0 weight=16 exclusive=false padding=0 endStream=false
DEBUG vert.x-eventloop-thread-0 io.grpc.netty.NettyClientHandler - [id: 0x01777d6c, L:/127.0.0.1:10952 - R:localhost/127.0.0.1:2379] OUTBOUND DATA: streamId=5 padding=0 endStream=true length=23 bytes=00000000120a10746573745f6b65795f6368616f68656e
DEBUG vert.x-eventloop-thread-0 io.grpc.netty.NettyClientHandler - [id: 0x01777d6c, L:/127.0.0.1:10952 - R:localhost/127.0.0.1:2379] INBOUND WINDOW_UPDATE: streamId=0 windowSizeIncrement=23
DEBUG vert.x-eventloop-thread-0 io.grpc.netty.NettyClientHandler - [id: 0x01777d6c, L:/127.0.0.1:10952 - R:localhost/127.0.0.1:2379] INBOUND PING: ack=false bytes=145258749040133895
DEBUG vert.x-eventloop-thread-0 io.grpc.netty.NettyClientHandler - [id: 0x01777d6c, L:/127.0.0.1:10952 - R:localhost/127.0.0.1:2379] OUTBOUND PING: ack=true bytes=145258749040133895
DEBUG vert.x-eventloop-thread-0 io.grpc.netty.NettyClientHandler - [id: 0x01777d6c, L:/127.0.0.1:10952 - R:localhost/127.0.0.1:2379] INBOUND HEADERS: streamId=5 headers=GrpcHttp2ResponseHeaders[:status: 200, content-type: application/grpc] padding=0 endStream=false
DEBUG vert.x-eventloop-thread-0 io.grpc.netty.NettyClientHandler - [id: 0x01777d6c, L:/127.0.0.1:10952 - R:localhost/127.0.0.1:2379] INBOUND DATA: streamId=5 padding=0 endStream=false length=81 bytes=000000004c0a1a08b298eaf1948386fccd0110cdd2918bd2b881cf8e011820200e122c0a10746573745f6b65795f6368616f68656e1020182020012a12746573...
DEBUG vert.x-eventloop-thread-0 io.grpc.netty.NettyClientHandler - [id: 0x01777d6c, L:/127.0.0.1:10952 - R:localhost/127.0.0.1:2379] INBOUND HEADERS: streamId=5 headers=GrpcHttp2ResponseHeaders[grpc-status: 0, grpc-message: ] padding=0 endStream=true
DEBUG vert.x-eventloop-thread-0 io.grpc.netty.NettyClientHandler - [id: 0x01777d6c, L:/127.0.0.1:10952 - R:localhost/127.0.0.1:2379] OUTBOUND HEADERS: streamId=7 headers=GrpcHttp2OutboundHeaders[:authority: localhost:2379, :path: /etcdserverpb.KV/DeleteRange, :method: POST, :scheme: http, content-type: application/grpc, te: trailers, user-agent: grpc-java-netty/1.60.0, grpc-accept-encoding: gzip] streamDependency=0 weight=16 exclusive=false padding=0 endStream=false
DEBUG vert.x-eventloop-thread-0 io.grpc.netty.NettyClientHandler - [id: 0x01777d6c, L:/127.0.0.1:10952 - R:localhost/127.0.0.1:2379] OUTBOUND DATA: streamId=7 padding=0 endStream=true length=23 bytes=00000000120a10746573745f6b65795f6368616f68656e
DEBUG vert.x-eventloop-thread-0 io.grpc.netty.NettyClientHandler - [id: 0x01777d6c, L:/127.0.0.1:10952 - R:localhost/127.0.0.1:2379] INBOUND WINDOW_UPDATE: streamId=0 windowSizeIncrement=23
DEBUG vert.x-eventloop-thread-0 io.grpc.netty.NettyClientHandler - [id: 0x01777d6c, L:/127.0.0.1:10952 - R:localhost/127.0.0.1:2379] INBOUND PING: ack=false bytes=145258749040133895
DEBUG vert.x-eventloop-thread-0 io.grpc.netty.NettyClientHandler - [id: 0x01777d6c, L:/127.0.0.1:10952 - R:localhost/127.0.0.1:2379] OUTBOUND PING: ack=true bytes=145258749040133895
DEBUG vert.x-eventloop-thread-0 io.grpc.netty.NettyClientHandler - [id: 0x01777d6c, L:/127.0.0.1:10952 - R:localhost/127.0.0.1:2379] INBOUND HEADERS: streamId=7 headers=GrpcHttp2ResponseHeaders[:status: 200, content-type: application/grpc] padding=0 endStream=false
DEBUG vert.x-eventloop-thread-0 io.grpc.netty.NettyClientHandler - [id: 0x01777d6c, L:/127.0.0.1:10952 - R:localhost/127.0.0.1:2379] INBOUND DATA: streamId=7 padding=0 endStream=false length=35 bytes=000000001e0a1a08b298eaf1948386fccd0110cdd2918bd2b881cf8e011821200e1001
DEBUG vert.x-eventloop-thread-0 io.grpc.netty.NettyClientHandler - [id: 0x01777d6c, L:/127.0.0.1:10952 - R:localhost/127.0.0.1:2379] INBOUND HEADERS: streamId=7 headers=GrpcHttp2ResponseHeaders[grpc-status: 0, grpc-message: ] padding=0 endStream=true
DEBUG main io.vertx.core.logging.LoggerFactory - Using io.vertx.core.logging.SLF4JLogDelegateFactory
DEBUG main io.netty.util.internal.logging.InternalLoggerFactory - Using SLF4J as the default logging framework
DEBUG main io.netty.util.internal.PlatformDependent0 - -Dio.netty.noUnsafe: false
DEBUG main io.netty.util.internal.PlatformDependent0 - Java version: 17
DEBUG main io.netty.util.internal.PlatformDependent0 - sun.misc.Unsafe.theUnsafe: available
DEBUG main io.netty.util.internal.PlatformDependent0 - sun.misc.Unsafe.copyMemory: available
DEBUG main io.netty.util.internal.PlatformDependent0 - sun.misc.Unsafe.storeFence: available
DEBUG main io.netty.util.internal.PlatformDependent0 - java.nio.Buffer.address: available
DEBUG main io.netty.util.internal.PlatformDependent0 - direct buffer constructor: unavailable: Reflective setAccessible(true) disabled
DEBUG main io.netty.util.internal.PlatformDependent0 - java.nio.Bits.unaligned: available, true
DEBUG main io.netty.util.internal.PlatformDependent0 - jdk.internal.misc.Unsafe.allocateUninitializedArray(int): unavailable: class io.netty.util.internal.PlatformDependent0$7 cannot access class jdk.internal.misc.Unsafe (in module java.base) because module java.base does not export jdk.internal.misc to unnamed module @1068e947
DEBUG main io.netty.util.internal.PlatformDependent0 - java.nio.DirectByteBuffer.<init>(long, {int,long}): unavailable
DEBUG main io.netty.util.internal.PlatformDependent - sun.misc.Unsafe: available
DEBUG main io.netty.util.internal.PlatformDependent - -Dio.netty.tmpdir: C:\Users\Luo\AppData\Local\Temp (java.io.tmpdir)
DEBUG main io.netty.util.internal.PlatformDependent - -Dio.netty.bitMode: 64 (sun.arch.data.model)
DEBUG main io.netty.util.internal.PlatformDependent - Platform: Windows
DEBUG main io.netty.util.internal.PlatformDependent - -Dio.netty.maxDirectMemory: -1 bytes
DEBUG main io.netty.util.internal.PlatformDependent - -Dio.netty.uninitializedArrayAllocationThreshold: -1
DEBUG main io.netty.util.internal.CleanerJava9 - java.nio.ByteBuffer.cleaner(): available
DEBUG main io.netty.util.internal.PlatformDependent - -Dio.netty.noPreferDirect: false
DEBUG main io.netty.util.ResourceLeakDetector - -Dio.netty.leakDetection.level: simple
DEBUG main io.netty.util.ResourceLeakDetector - -Dio.netty.leakDetection.targetRecords: 4
DEBUG main io.netty.channel.MultithreadEventLoopGroup - -Dio.netty.eventLoopThreads: 16
DEBUG main io.netty.util.concurrent.GlobalEventExecutor - -Dio.netty.globalEventExecutor.quietPeriodSeconds: 1
DEBUG main io.netty.util.internal.InternalThreadLocalMap - -Dio.netty.threadLocalMap.stringBuilder.initialSize: 1024
DEBUG main io.netty.util.internal.InternalThreadLocalMap - -Dio.netty.threadLocalMap.stringBuilder.maxSize: 4096
DEBUG main io.netty.channel.nio.NioEventLoop - -Dio.netty.noKeySetOptimization: false
DEBUG main io.netty.channel.nio.NioEventLoop - -Dio.netty.selectorAutoRebuildThreshold: 512
DEBUG main io.netty.util.internal.PlatformDependent - org.jctools-core.MpscChunkedArrayQueue: available
DEBUG main io.netty.resolver.dns.DefaultDnsServerAddressStreamProvider - Default DNS servers: [/[2001:250:400:659:0:0:0:3]:53, /119.29.29.29:53, /114.114.114.114:53] (sun.net.dns.ResolverConfiguration)
DEBUG main io.netty.util.NetUtil - -Djava.net.preferIPv4Stack: false
DEBUG main io.netty.util.NetUtil - -Djava.net.preferIPv6Addresses: false
DEBUG main io.netty.util.NetUtilInitializations - Loopback interface: lo (Software Loopback Interface 1, 127.0.0.1)
DEBUG main io.netty.util.NetUtil - Failed to get SOMAXCONN from sysctl and file \proc\sys\net\core\somaxconn. Default: 200
DEBUG main io.netty.resolver.dns.DnsNameResolver - Default ResolvedAddressTypes: IPV4_PREFERRED
DEBUG main io.netty.resolver.dns.DnsNameResolver - Localhost address: localhost/127.0.0.1
DEBUG main io.netty.resolver.dns.DnsNameResolver - Windows hostname: LAPTOP-NRAS2VRO
DEBUG main io.netty.resolver.dns.DnsNameResolver - Default search domains: []
DEBUG main io.netty.resolver.dns.DnsNameResolver - Default UnixResolverOptions{ndots=1, timeout=5, attempts=16}
DEBUG main io.netty.resolver.DefaultHostsFileEntriesResolver - -Dio.netty.hostsFileRefreshInterval: 0
DEBUG grpc-default-executor-0 io.netty.buffer.AbstractByteBuf - -Dio.netty.buffer.checkAccessible: true
DEBUG grpc-default-executor-0 io.netty.buffer.AbstractByteBuf - -Dio.netty.buffer.checkBounds: true
DEBUG grpc-default-executor-0 io.netty.util.ResourceLeakDetectorFactory - Loaded default ResourceLeakDetector: io.netty.util.ResourceLeakDetector@49906deb
DEBUG grpc-default-executor-0 io.netty.buffer.PooledByteBufAllocator - -Dio.netty.allocator.numHeapArenas: 16
DEBUG grpc-default-executor-0 io.netty.buffer.PooledByteBufAllocator - -Dio.netty.allocator.numDirectArenas: 16
DEBUG grpc-default-executor-0 io.netty.buffer.PooledByteBufAllocator - -Dio.netty.allocator.pageSize: 8192
DEBUG grpc-default-executor-0 io.netty.buffer.PooledByteBufAllocator - -Dio.netty.allocator.maxOrder: 9
DEBUG grpc-default-executor-0 io.netty.buffer.PooledByteBufAllocator - -Dio.netty.allocator.chunkSize: 4194304
DEBUG grpc-default-executor-0 io.netty.buffer.PooledByteBufAllocator - -Dio.netty.allocator.smallCacheSize: 256
DEBUG grpc-default-executor-0 io.netty.buffer.PooledByteBufAllocator - -Dio.netty.allocator.normalCacheSize: 64
DEBUG grpc-default-executor-0 io.netty.buffer.PooledByteBufAllocator - -Dio.netty.allocator.maxCachedBufferCapacity: 32768
DEBUG grpc-default-executor-0 io.netty.buffer.PooledByteBufAllocator - -Dio.netty.allocator.cacheTrimInterval: 8192
DEBUG grpc-default-executor-0 io.netty.buffer.PooledByteBufAllocator - -Dio.netty.allocator.cacheTrimIntervalMillis: 0
DEBUG grpc-default-executor-0 io.netty.buffer.PooledByteBufAllocator - -Dio.netty.allocator.useCacheForAllThreads: false
DEBUG grpc-default-executor-0 io.netty.buffer.PooledByteBufAllocator - -Dio.netty.allocator.maxCachedByteBuffersPerChunk: 1023
DEBUG grpc-default-executor-0 io.netty.channel.DefaultChannelId - -Dio.netty.processId: 17548 (auto-detected)
DEBUG grpc-default-executor-0 io.netty.channel.DefaultChannelId - -Dio.netty.machineId: 80:b6:55:ff:fe:07:59:9a (auto-detected)
DEBUG grpc-default-executor-0 io.netty.buffer.ByteBufUtil - -Dio.netty.allocator.type: pooled
DEBUG grpc-default-executor-0 io.netty.buffer.ByteBufUtil - -Dio.netty.threadLocalDirectBufferSize: 0
DEBUG grpc-default-executor-0 io.netty.buffer.ByteBufUtil - -Dio.netty.maxThreadLocalCharBufferSize: 16384
DEBUG grpc-default-executor-0 io.netty.bootstrap.ChannelInitializerExtensions - -Dio.netty.bootstrap.extensions: null
DEBUG grpc-default-executor-0 io.netty.util.Recycler - -Dio.netty.recycler.maxCapacityPerThread: 4096
DEBUG grpc-default-executor-0 io.netty.util.Recycler - -Dio.netty.recycler.ratio: 8
DEBUG grpc-default-executor-0 io.netty.util.Recycler - -Dio.netty.recycler.chunkSize: 32
DEBUG grpc-default-executor-0 io.netty.util.Recycler - -Dio.netty.recycler.blocking: false
DEBUG grpc-default-executor-0 io.netty.util.Recycler - -Dio.netty.recycler.batchFastThreadLocalOnly: true
DEBUG vert.x-eventloop-thread-0 io.grpc.netty.NettyClientHandler - [id: 0x7f81b5f9, L:/127.0.0.1:10960 - R:localhost/127.0.0.1:2379] OUTBOUND SETTINGS: ack=false settings={ENABLE_PUSH=0, MAX_CONCURRENT_STREAMS=0, INITIAL_WINDOW_SIZE=1048576, MAX_HEADER_LIST_SIZE=8192}
DEBUG vert.x-eventloop-thread-0 io.grpc.netty.NettyClientHandler - [id: 0x7f81b5f9, L:/127.0.0.1:10960 - R:localhost/127.0.0.1:2379] OUTBOUND WINDOW_UPDATE: streamId=0 windowSizeIncrement=983041
DEBUG vert.x-eventloop-thread-0 io.grpc.netty.NettyClientHandler - [id: 0x7f81b5f9, L:/127.0.0.1:10960 - R:localhost/127.0.0.1:2379] INBOUND SETTINGS: ack=false settings={MAX_FRAME_SIZE=16384}
DEBUG vert.x-eventloop-thread-0 io.grpc.netty.NettyClientHandler - [id: 0x7f81b5f9, L:/127.0.0.1:10960 - R:localhost/127.0.0.1:2379] OUTBOUND SETTINGS: ack=true
DEBUG vert.x-eventloop-thread-0 io.grpc.netty.NettyClientHandler - [id: 0x7f81b5f9, L:/127.0.0.1:10960 - R:localhost/127.0.0.1:2379] INBOUND SETTINGS: ack=true
DEBUG vert.x-eventloop-thread-0 io.grpc.netty.NettyClientHandler - [id: 0x7f81b5f9, L:/127.0.0.1:10960 - R:localhost/127.0.0.1:2379] OUTBOUND HEADERS: streamId=3 headers=GrpcHttp2OutboundHeaders[:authority: localhost:2379, :path: /etcdserverpb.KV/Put, :method: POST, :scheme: http, content-type: application/grpc, te: trailers, user-agent: grpc-java-netty/1.60.0, grpc-accept-encoding: gzip] streamDependency=0 weight=16 exclusive=false padding=0 endStream=false
DEBUG vert.x-eventloop-thread-0 io.grpc.netty.NettyClientHandler - [id: 0x7f81b5f9, L:/127.0.0.1:10960 - R:localhost/127.0.0.1:2379] OUTBOUND DATA: streamId=3 padding=0 endStream=true length=43 bytes=00000000260a10746573745f6b65795f6368616f68656e1212746573745f76616c75655f6368616f68656e
DEBUG vert.x-eventloop-thread-0 io.grpc.netty.NettyClientHandler - [id: 0x7f81b5f9, L:/127.0.0.1:10960 - R:localhost/127.0.0.1:2379] INBOUND WINDOW_UPDATE: streamId=0 windowSizeIncrement=43
DEBUG vert.x-eventloop-thread-0 io.grpc.netty.NettyClientHandler - [id: 0x7f81b5f9, L:/127.0.0.1:10960 - R:localhost/127.0.0.1:2379] INBOUND PING: ack=false bytes=145258749040133895
DEBUG vert.x-eventloop-thread-0 io.grpc.netty.NettyClientHandler - [id: 0x7f81b5f9, L:/127.0.0.1:10960 - R:localhost/127.0.0.1:2379] OUTBOUND PING: ack=true bytes=145258749040133895
DEBUG vert.x-eventloop-thread-0 io.grpc.netty.NettyClientHandler - [id: 0x7f81b5f9, L:/127.0.0.1:10960 - R:localhost/127.0.0.1:2379] INBOUND HEADERS: streamId=3 headers=GrpcHttp2ResponseHeaders[:status: 200, content-type: application/grpc] padding=0 endStream=false
DEBUG vert.x-eventloop-thread-0 io.grpc.netty.NettyClientHandler - [id: 0x7f81b5f9, L:/127.0.0.1:10960 - R:localhost/127.0.0.1:2379] INBOUND DATA: streamId=3 padding=0 endStream=false length=33 bytes=000000001c0a1a08b298eaf1948386fccd0110cdd2918bd2b881cf8e011822200e
DEBUG vert.x-eventloop-thread-0 io.grpc.netty.NettyClientHandler - [id: 0x7f81b5f9, L:/127.0.0.1:10960 - R:localhost/127.0.0.1:2379] OUTBOUND PING: ack=false bytes=1234
DEBUG vert.x-eventloop-thread-0 io.grpc.netty.NettyClientHandler - [id: 0x7f81b5f9, L:/127.0.0.1:10960 - R:localhost/127.0.0.1:2379] INBOUND HEADERS: streamId=3 headers=GrpcHttp2ResponseHeaders[grpc-status: 0, grpc-message: ] padding=0 endStream=true
DEBUG vert.x-eventloop-thread-0 io.grpc.netty.NettyClientHandler - [id: 0x7f81b5f9, L:/127.0.0.1:10960 - R:localhost/127.0.0.1:2379] INBOUND PING: ack=true bytes=1234
DEBUG vert.x-eventloop-thread-0 io.grpc.netty.NettyClientHandler - [id: 0x7f81b5f9, L:/127.0.0.1:10960 - R:localhost/127.0.0.1:2379] OUTBOUND PING: ack=false bytes=1111
DEBUG vert.x-eventloop-thread-0 io.grpc.netty.NettyClientHandler - [id: 0x7f81b5f9, L:/127.0.0.1:10960 - R:localhost/127.0.0.1:2379] INBOUND PING: ack=true bytes=1111
DEBUG vert.x-eventloop-thread-0 io.grpc.netty.NettyClientHandler - [id: 0x7f81b5f9, L:/127.0.0.1:10960 - R:localhost/127.0.0.1:2379] OUTBOUND HEADERS: streamId=5 headers=GrpcHttp2OutboundHeaders[:authority: localhost:2379, :path: /etcdserverpb.KV/Range, :method: POST, :scheme: http, content-type: application/grpc, te: trailers, user-agent: grpc-java-netty/1.60.0, grpc-accept-encoding: gzip] streamDependency=0 weight=16 exclusive=false padding=0 endStream=false
DEBUG vert.x-eventloop-thread-0 io.grpc.netty.NettyClientHandler - [id: 0x7f81b5f9, L:/127.0.0.1:10960 - R:localhost/127.0.0.1:2379] OUTBOUND DATA: streamId=5 padding=0 endStream=true length=23 bytes=00000000120a10746573745f6b65795f6368616f68656e
DEBUG vert.x-eventloop-thread-0 io.grpc.netty.NettyClientHandler - [id: 0x7f81b5f9, L:/127.0.0.1:10960 - R:localhost/127.0.0.1:2379] INBOUND WINDOW_UPDATE: streamId=0 windowSizeIncrement=23
DEBUG vert.x-eventloop-thread-0 io.grpc.netty.NettyClientHandler - [id: 0x7f81b5f9, L:/127.0.0.1:10960 - R:localhost/127.0.0.1:2379] INBOUND PING: ack=false bytes=145258749040133895
DEBUG vert.x-eventloop-thread-0 io.grpc.netty.NettyClientHandler - [id: 0x7f81b5f9, L:/127.0.0.1:10960 - R:localhost/127.0.0.1:2379] OUTBOUND PING: ack=true bytes=145258749040133895
DEBUG vert.x-eventloop-thread-0 io.grpc.netty.NettyClientHandler - [id: 0x7f81b5f9, L:/127.0.0.1:10960 - R:localhost/127.0.0.1:2379] INBOUND HEADERS: streamId=5 headers=GrpcHttp2ResponseHeaders[:status: 200, content-type: application/grpc] padding=0 endStream=false
DEBUG vert.x-eventloop-thread-0 io.grpc.netty.NettyClientHandler - [id: 0x7f81b5f9, L:/127.0.0.1:10960 - R:localhost/127.0.0.1:2379] INBOUND DATA: streamId=5 padding=0 endStream=false length=81 bytes=000000004c0a1a08b298eaf1948386fccd0110cdd2918bd2b881cf8e011822200e122c0a10746573745f6b65795f6368616f68656e1022182220012a12746573...
DEBUG vert.x-eventloop-thread-0 io.grpc.netty.NettyClientHandler - [id: 0x7f81b5f9, L:/127.0.0.1:10960 - R:localhost/127.0.0.1:2379] INBOUND HEADERS: streamId=5 headers=GrpcHttp2ResponseHeaders[grpc-status: 0, grpc-message: ] padding=0 endStream=true
DEBUG vert.x-eventloop-thread-0 io.grpc.netty.NettyClientHandler - [id: 0x7f81b5f9, L:/127.0.0.1:10960 - R:localhost/127.0.0.1:2379] OUTBOUND HEADERS: streamId=7 headers=GrpcHttp2OutboundHeaders[:authority: localhost:2379, :path: /etcdserverpb.KV/DeleteRange, :method: POST, :scheme: http, content-type: application/grpc, te: trailers, user-agent: grpc-java-netty/1.60.0, grpc-accept-encoding: gzip] streamDependency=0 weight=16 exclusive=false padding=0 endStream=false
DEBUG vert.x-eventloop-thread-0 io.grpc.netty.NettyClientHandler - [id: 0x7f81b5f9, L:/127.0.0.1:10960 - R:localhost/127.0.0.1:2379] OUTBOUND DATA: streamId=7 padding=0 endStream=true length=23 bytes=00000000120a10746573745f6b65795f6368616f68656e
DEBUG vert.x-eventloop-thread-0 io.grpc.netty.NettyClientHandler - [id: 0x7f81b5f9, L:/127.0.0.1:10960 - R:localhost/127.0.0.1:2379] INBOUND WINDOW_UPDATE: streamId=0 windowSizeIncrement=23
DEBUG vert.x-eventloop-thread-0 io.grpc.netty.NettyClientHandler - [id: 0x7f81b5f9, L:/127.0.0.1:10960 - R:localhost/127.0.0.1:2379] INBOUND PING: ack=false bytes=145258749040133895
DEBUG vert.x-eventloop-thread-0 io.grpc.netty.NettyClientHandler - [id: 0x7f81b5f9, L:/127.0.0.1:10960 - R:localhost/127.0.0.1:2379] OUTBOUND PING: ack=true bytes=145258749040133895
DEBUG vert.x-eventloop-thread-0 io.grpc.netty.NettyClientHandler - [id: 0x7f81b5f9, L:/127.0.0.1:10960 - R:localhost/127.0.0.1:2379] INBOUND HEADERS: streamId=7 headers=GrpcHttp2ResponseHeaders[:status: 200, content-type: application/grpc] padding=0 endStream=false
DEBUG vert.x-eventloop-thread-0 io.grpc.netty.NettyClientHandler - [id: 0x7f81b5f9, L:/127.0.0.1:10960 - R:localhost/127.0.0.1:2379] INBOUND DATA: streamId=7 padding=0 endStream=false length=35 bytes=000000001e0a1a08b298eaf1948386fccd0110cdd2918bd2b881cf8e011823200e1001
DEBUG vert.x-eventloop-thread-0 io.grpc.netty.NettyClientHandler - [id: 0x7f81b5f9, L:/127.0.0.1:10960 - R:localhost/127.0.0.1:2379] INBOUND HEADERS: streamId=7 headers=GrpcHttp2ResponseHeaders[grpc-status: 0, grpc-message: ] padding=0 endStream=true
DEBUG main io.vertx.core.logging.LoggerFactory - Using io.vertx.core.logging.SLF4JLogDelegateFactory
DEBUG main io.netty.util.internal.logging.InternalLoggerFactory - Using SLF4J as the default logging framework
DEBUG main io.netty.util.internal.PlatformDependent0 - -Dio.netty.noUnsafe: false
DEBUG main io.netty.util.internal.PlatformDependent0 - Java version: 17
DEBUG main io.netty.util.internal.PlatformDependent0 - sun.misc.Unsafe.theUnsafe: available
DEBUG main io.netty.util.internal.PlatformDependent0 - sun.misc.Unsafe.copyMemory: available
DEBUG main io.netty.util.internal.PlatformDependent0 - sun.misc.Unsafe.storeFence: available
DEBUG main io.netty.util.internal.PlatformDependent0 - java.nio.Buffer.address: available
DEBUG main io.netty.util.internal.PlatformDependent0 - direct buffer constructor: unavailable: Reflective setAccessible(true) disabled
DEBUG main io.netty.util.internal.PlatformDependent0 - java.nio.Bits.unaligned: available, true
DEBUG main io.netty.util.internal.PlatformDependent0 - jdk.internal.misc.Unsafe.allocateUninitializedArray(int): unavailable: class io.netty.util.internal.PlatformDependent0$7 cannot access class jdk.internal.misc.Unsafe (in module java.base) because module java.base does not export jdk.internal.misc to unnamed module @1068e947
DEBUG main io.netty.util.internal.PlatformDependent0 - java.nio.DirectByteBuffer.<init>(long, {int,long}): unavailable
DEBUG main io.netty.util.internal.PlatformDependent - sun.misc.Unsafe: available
DEBUG main io.netty.util.internal.PlatformDependent - -Dio.netty.tmpdir: C:\Users\Luo\AppData\Local\Temp (java.io.tmpdir)
DEBUG main io.netty.util.internal.PlatformDependent - -Dio.netty.bitMode: 64 (sun.arch.data.model)
DEBUG main io.netty.util.internal.PlatformDependent - Platform: Windows
DEBUG main io.netty.util.internal.PlatformDependent - -Dio.netty.maxDirectMemory: -1 bytes
DEBUG main io.netty.util.internal.PlatformDependent - -Dio.netty.uninitializedArrayAllocationThreshold: -1
DEBUG main io.netty.util.internal.CleanerJava9 - java.nio.ByteBuffer.cleaner(): available
DEBUG main io.netty.util.internal.PlatformDependent - -Dio.netty.noPreferDirect: false
DEBUG main io.netty.util.ResourceLeakDetector - -Dio.netty.leakDetection.level: simple
DEBUG main io.netty.util.ResourceLeakDetector - -Dio.netty.leakDetection.targetRecords: 4
DEBUG main io.netty.channel.MultithreadEventLoopGroup - -Dio.netty.eventLoopThreads: 16
DEBUG main io.netty.util.concurrent.GlobalEventExecutor - -Dio.netty.globalEventExecutor.quietPeriodSeconds: 1
DEBUG main io.netty.util.internal.InternalThreadLocalMap - -Dio.netty.threadLocalMap.stringBuilder.initialSize: 1024
DEBUG main io.netty.util.internal.InternalThreadLocalMap - -Dio.netty.threadLocalMap.stringBuilder.maxSize: 4096
DEBUG main io.netty.channel.nio.NioEventLoop - -Dio.netty.noKeySetOptimization: false
DEBUG main io.netty.channel.nio.NioEventLoop - -Dio.netty.selectorAutoRebuildThreshold: 512
DEBUG main io.netty.util.internal.PlatformDependent - org.jctools-core.MpscChunkedArrayQueue: available
DEBUG main io.netty.resolver.dns.DefaultDnsServerAddressStreamProvider - Default DNS servers: [/[2001:250:400:659:0:0:0:3]:53, /119.29.29.29:53, /114.114.114.114:53] (sun.net.dns.ResolverConfiguration)
DEBUG main io.netty.util.NetUtil - -Djava.net.preferIPv4Stack: false
DEBUG main io.netty.util.NetUtil - -Djava.net.preferIPv6Addresses: false
DEBUG main io.netty.util.NetUtilInitializations - Loopback interface: lo (Software Loopback Interface 1, 127.0.0.1)
DEBUG main io.netty.util.NetUtil - Failed to get SOMAXCONN from sysctl and file \proc\sys\net\core\somaxconn. Default: 200
DEBUG main io.netty.resolver.dns.DnsNameResolver - Default ResolvedAddressTypes: IPV4_PREFERRED
DEBUG main io.netty.resolver.dns.DnsNameResolver - Localhost address: localhost/127.0.0.1
DEBUG main io.netty.resolver.dns.DnsNameResolver - Windows hostname: LAPTOP-NRAS2VRO
DEBUG main io.netty.resolver.dns.DnsNameResolver - Default search domains: []
DEBUG main io.netty.resolver.dns.DnsNameResolver - Default UnixResolverOptions{ndots=1, timeout=5, attempts=16}
DEBUG main io.netty.resolver.DefaultHostsFileEntriesResolver - -Dio.netty.hostsFileRefreshInterval: 0
DEBUG grpc-default-executor-0 io.netty.buffer.AbstractByteBuf - -Dio.netty.buffer.checkAccessible: true
DEBUG grpc-default-executor-0 io.netty.buffer.AbstractByteBuf - -Dio.netty.buffer.checkBounds: true
DEBUG grpc-default-executor-0 io.netty.util.ResourceLeakDetectorFactory - Loaded default ResourceLeakDetector: io.netty.util.ResourceLeakDetector@4e7ea282
DEBUG grpc-default-executor-0 io.netty.buffer.PooledByteBufAllocator - -Dio.netty.allocator.numHeapArenas: 16
DEBUG grpc-default-executor-0 io.netty.buffer.PooledByteBufAllocator - -Dio.netty.allocator.numDirectArenas: 16
DEBUG grpc-default-executor-0 io.netty.buffer.PooledByteBufAllocator - -Dio.netty.allocator.pageSize: 8192
DEBUG grpc-default-executor-0 io.netty.buffer.PooledByteBufAllocator - -Dio.netty.allocator.maxOrder: 9
DEBUG grpc-default-executor-0 io.netty.buffer.PooledByteBufAllocator - -Dio.netty.allocator.chunkSize: 4194304
DEBUG grpc-default-executor-0 io.netty.buffer.PooledByteBufAllocator - -Dio.netty.allocator.smallCacheSize: 256
DEBUG grpc-default-executor-0 io.netty.buffer.PooledByteBufAllocator - -Dio.netty.allocator.normalCacheSize: 64
DEBUG grpc-default-executor-0 io.netty.buffer.PooledByteBufAllocator - -Dio.netty.allocator.maxCachedBufferCapacity: 32768
DEBUG grpc-default-executor-0 io.netty.buffer.PooledByteBufAllocator - -Dio.netty.allocator.cacheTrimInterval: 8192
DEBUG grpc-default-executor-0 io.netty.buffer.PooledByteBufAllocator - -Dio.netty.allocator.cacheTrimIntervalMillis: 0
DEBUG grpc-default-executor-0 io.netty.buffer.PooledByteBufAllocator - -Dio.netty.allocator.useCacheForAllThreads: false
DEBUG grpc-default-executor-0 io.netty.buffer.PooledByteBufAllocator - -Dio.netty.allocator.maxCachedByteBuffersPerChunk: 1023
DEBUG grpc-default-executor-0 io.netty.channel.DefaultChannelId - -Dio.netty.processId: 19644 (auto-detected)
DEBUG grpc-default-executor-0 io.netty.channel.DefaultChannelId - -Dio.netty.machineId: 80:b6:55:ff:fe:07:59:9a (auto-detected)
DEBUG grpc-default-executor-0 io.netty.buffer.ByteBufUtil - -Dio.netty.allocator.type: pooled
DEBUG grpc-default-executor-0 io.netty.buffer.ByteBufUtil - -Dio.netty.threadLocalDirectBufferSize: 0
DEBUG grpc-default-executor-0 io.netty.buffer.ByteBufUtil - -Dio.netty.maxThreadLocalCharBufferSize: 16384
DEBUG grpc-default-executor-0 io.netty.bootstrap.ChannelInitializerExtensions - -Dio.netty.bootstrap.extensions: null
DEBUG grpc-default-executor-0 io.netty.util.Recycler - -Dio.netty.recycler.maxCapacityPerThread: 4096
DEBUG grpc-default-executor-0 io.netty.util.Recycler - -Dio.netty.recycler.ratio: 8
DEBUG grpc-default-executor-0 io.netty.util.Recycler - -Dio.netty.recycler.chunkSize: 32
DEBUG grpc-default-executor-0 io.netty.util.Recycler - -Dio.netty.recycler.blocking: false
DEBUG grpc-default-executor-0 io.netty.util.Recycler - -Dio.netty.recycler.batchFastThreadLocalOnly: true
DEBUG vert.x-eventloop-thread-0 io.grpc.netty.NettyClientHandler - [id: 0x3370ffb2, L:/127.0.0.1:11024 - R:localhost/127.0.0.1:2379] OUTBOUND SETTINGS: ack=false settings={ENABLE_PUSH=0, MAX_CONCURRENT_STREAMS=0, INITIAL_WINDOW_SIZE=1048576, MAX_HEADER_LIST_SIZE=8192}
DEBUG vert.x-eventloop-thread-0 io.grpc.netty.NettyClientHandler - [id: 0x3370ffb2, L:/127.0.0.1:11024 - R:localhost/127.0.0.1:2379] OUTBOUND WINDOW_UPDATE: streamId=0 windowSizeIncrement=983041
DEBUG vert.x-eventloop-thread-0 io.grpc.netty.NettyClientHandler - [id: 0x3370ffb2, L:/127.0.0.1:11024 - R:localhost/127.0.0.1:2379] INBOUND SETTINGS: ack=false settings={MAX_FRAME_SIZE=16384}
DEBUG vert.x-eventloop-thread-0 io.grpc.netty.NettyClientHandler - [id: 0x3370ffb2, L:/127.0.0.1:11024 - R:localhost/127.0.0.1:2379] OUTBOUND SETTINGS: ack=true
DEBUG vert.x-eventloop-thread-0 io.grpc.netty.NettyClientHandler - [id: 0x3370ffb2, L:/127.0.0.1:11024 - R:localhost/127.0.0.1:2379] INBOUND SETTINGS: ack=true
DEBUG vert.x-eventloop-thread-0 io.grpc.netty.NettyClientHandler - [id: 0x3370ffb2, L:/127.0.0.1:11024 - R:localhost/127.0.0.1:2379] OUTBOUND HEADERS: streamId=3 headers=GrpcHttp2OutboundHeaders[:authority: localhost:2379, :path: /etcdserverpb.KV/Put, :method: POST, :scheme: http, content-type: application/grpc, te: trailers, user-agent: grpc-java-netty/1.60.0, grpc-accept-encoding: gzip] streamDependency=0 weight=16 exclusive=false padding=0 endStream=false
DEBUG vert.x-eventloop-thread-0 io.grpc.netty.NettyClientHandler - [id: 0x3370ffb2, L:/127.0.0.1:11024 - R:localhost/127.0.0.1:2379] OUTBOUND DATA: streamId=3 padding=0 endStream=true length=43 bytes=00000000260a10746573745f6b65795f6368616f68656e1212746573745f76616c75655f6368616f68656e
DEBUG vert.x-eventloop-thread-0 io.grpc.netty.NettyClientHandler - [id: 0x3370ffb2, L:/127.0.0.1:11024 - R:localhost/127.0.0.1:2379] INBOUND WINDOW_UPDATE: streamId=0 windowSizeIncrement=43
DEBUG vert.x-eventloop-thread-0 io.grpc.netty.NettyClientHandler - [id: 0x3370ffb2, L:/127.0.0.1:11024 - R:localhost/127.0.0.1:2379] INBOUND PING: ack=false bytes=145258749040133895
DEBUG vert.x-eventloop-thread-0 io.grpc.netty.NettyClientHandler - [id: 0x3370ffb2, L:/127.0.0.1:11024 - R:localhost/127.0.0.1:2379] OUTBOUND PING: ack=true bytes=145258749040133895
DEBUG vert.x-eventloop-thread-0 io.grpc.netty.NettyClientHandler - [id: 0x3370ffb2, L:/127.0.0.1:11024 - R:localhost/127.0.0.1:2379] INBOUND HEADERS: streamId=3 headers=GrpcHttp2ResponseHeaders[:status: 200, content-type: application/grpc] padding=0 endStream=false
DEBUG vert.x-eventloop-thread-0 io.grpc.netty.NettyClientHandler - [id: 0x3370ffb2, L:/127.0.0.1:11024 - R:localhost/127.0.0.1:2379] INBOUND DATA: streamId=3 padding=0 endStream=false length=33 bytes=000000001c0a1a08b298eaf1948386fccd0110cdd2918bd2b881cf8e011824200e
DEBUG vert.x-eventloop-thread-0 io.grpc.netty.NettyClientHandler - [id: 0x3370ffb2, L:/127.0.0.1:11024 - R:localhost/127.0.0.1:2379] OUTBOUND PING: ack=false bytes=1234
DEBUG vert.x-eventloop-thread-0 io.grpc.netty.NettyClientHandler - [id: 0x3370ffb2, L:/127.0.0.1:11024 - R:localhost/127.0.0.1:2379] INBOUND HEADERS: streamId=3 headers=GrpcHttp2ResponseHeaders[grpc-status: 0, grpc-message: ] padding=0 endStream=true
DEBUG vert.x-eventloop-thread-0 io.grpc.netty.NettyClientHandler - [id: 0x3370ffb2, L:/127.0.0.1:11024 - R:localhost/127.0.0.1:2379] INBOUND PING: ack=true bytes=1234
DEBUG vert.x-eventloop-thread-0 io.grpc.netty.NettyClientHandler - [id: 0x3370ffb2, L:/127.0.0.1:11024 - R:localhost/127.0.0.1:2379] OUTBOUND HEADERS: streamId=5 headers=GrpcHttp2OutboundHeaders[:authority: localhost:2379, :path: /etcdserverpb.KV/Range, :method: POST, :scheme: http, content-type: application/grpc, te: trailers, user-agent: grpc-java-netty/1.60.0, grpc-accept-encoding: gzip] streamDependency=0 weight=16 exclusive=false padding=0 endStream=false
DEBUG vert.x-eventloop-thread-0 io.grpc.netty.NettyClientHandler - [id: 0x3370ffb2, L:/127.0.0.1:11024 - R:localhost/127.0.0.1:2379] OUTBOUND DATA: streamId=5 padding=0 endStream=true length=23 bytes=00000000120a10746573745f6b65795f6368616f68656e
DEBUG vert.x-eventloop-thread-0 io.grpc.netty.NettyClientHandler - [id: 0x3370ffb2, L:/127.0.0.1:11024 - R:localhost/127.0.0.1:2379] INBOUND WINDOW_UPDATE: streamId=0 windowSizeIncrement=23
DEBUG vert.x-eventloop-thread-0 io.grpc.netty.NettyClientHandler - [id: 0x3370ffb2, L:/127.0.0.1:11024 - R:localhost/127.0.0.1:2379] INBOUND PING: ack=false bytes=145258749040133895
DEBUG vert.x-eventloop-thread-0 io.grpc.netty.NettyClientHandler - [id: 0x3370ffb2, L:/127.0.0.1:11024 - R:localhost/127.0.0.1:2379] OUTBOUND PING: ack=true bytes=145258749040133895
DEBUG vert.x-eventloop-thread-0 io.grpc.netty.NettyClientHandler - [id: 0x3370ffb2, L:/127.0.0.1:11024 - R:localhost/127.0.0.1:2379] INBOUND HEADERS: streamId=5 headers=GrpcHttp2ResponseHeaders[:status: 200, content-type: application/grpc] padding=0 endStream=false
DEBUG vert.x-eventloop-thread-0 io.grpc.netty.NettyClientHandler - [id: 0x3370ffb2, L:/127.0.0.1:11024 - R:localhost/127.0.0.1:2379] INBOUND DATA: streamId=5 padding=0 endStream=false length=81 bytes=000000004c0a1a08b298eaf1948386fccd0110cdd2918bd2b881cf8e011824200e122c0a10746573745f6b65795f6368616f68656e1024182420012a12746573...
DEBUG vert.x-eventloop-thread-0 io.grpc.netty.NettyClientHandler - [id: 0x3370ffb2, L:/127.0.0.1:11024 - R:localhost/127.0.0.1:2379] INBOUND HEADERS: streamId=5 headers=GrpcHttp2ResponseHeaders[grpc-status: 0, grpc-message: ] padding=0 endStream=true
DEBUG vert.x-eventloop-thread-0 io.grpc.netty.NettyClientHandler - [id: 0x3370ffb2, L:/127.0.0.1:11024 - R:localhost/127.0.0.1:2379] OUTBOUND HEADERS: streamId=7 headers=GrpcHttp2OutboundHeaders[:authority: localhost:2379, :path: /etcdserverpb.KV/DeleteRange, :method: POST, :scheme: http, content-type: application/grpc, te: trailers, user-agent: grpc-java-netty/1.60.0, grpc-accept-encoding: gzip] streamDependency=0 weight=16 exclusive=false padding=0 endStream=false
DEBUG vert.x-eventloop-thread-0 io.grpc.netty.NettyClientHandler - [id: 0x3370ffb2, L:/127.0.0.1:11024 - R:localhost/127.0.0.1:2379] OUTBOUND DATA: streamId=7 padding=0 endStream=true length=23 bytes=00000000120a10746573745f6b65795f6368616f68656e
DEBUG vert.x-eventloop-thread-0 io.grpc.netty.NettyClientHandler - [id: 0x3370ffb2, L:/127.0.0.1:11024 - R:localhost/127.0.0.1:2379] INBOUND WINDOW_UPDATE: streamId=0 windowSizeIncrement=23
DEBUG vert.x-eventloop-thread-0 io.grpc.netty.NettyClientHandler - [id: 0x3370ffb2, L:/127.0.0.1:11024 - R:localhost/127.0.0.1:2379] INBOUND PING: ack=false bytes=145258749040133895
DEBUG vert.x-eventloop-thread-0 io.grpc.netty.NettyClientHandler - [id: 0x3370ffb2, L:/127.0.0.1:11024 - R:localhost/127.0.0.1:2379] OUTBOUND PING: ack=true bytes=145258749040133895
DEBUG vert.x-eventloop-thread-0 io.grpc.netty.NettyClientHandler - [id: 0x3370ffb2, L:/127.0.0.1:11024 - R:localhost/127.0.0.1:2379] INBOUND HEADERS: streamId=7 headers=GrpcHttp2ResponseHeaders[:status: 200, content-type: application/grpc] padding=0 endStream=false
DEBUG vert.x-eventloop-thread-0 io.grpc.netty.NettyClientHandler - [id: 0x3370ffb2, L:/127.0.0.1:11024 - R:localhost/127.0.0.1:2379] INBOUND DATA: streamId=7 padding=0 endStream=false length=35 bytes=000000001e0a1a08b298eaf1948386fccd0110cdd2918bd2b881cf8e011825200e1001
DEBUG vert.x-eventloop-thread-0 io.grpc.netty.NettyClientHandler - [id: 0x3370ffb2, L:/127.0.0.1:11024 - R:localhost/127.0.0.1:2379] INBOUND HEADERS: streamId=7 headers=GrpcHttp2ResponseHeaders[grpc-status: 0, grpc-message: ] padding=0 endStream=true
